Determining if the pthread_create exist failed with the following output:
Change Dir: /home/earrolig/cpe476/slumber/lab1/linux/Lab1/CMakeFiles/CMakeTmp

Run Build Command:/usr/bin/gmake "cmTryCompileExec612765640/fast"
/usr/bin/gmake -f CMakeFiles/cmTryCompileExec612765640.dir/build.make CMakeFiles/cmTryCompileExec612765640.dir/build
gmake[1]: Entering directory `/home/earrolig/cpe476/slumber/lab1/linux/Lab1/CMakeFiles/CMakeTmp'
/usr/bin/cmake -E cmake_progress_report /home/earrolig/cpe476/slumber/lab1/linux/Lab1/CMakeFiles/CMakeTmp/CMakeFiles 1
Building C object CMakeFiles/cmTryCompileExec612765640.dir/CheckSymbolExists.c.o
/usr/bin/cc    -o CMakeFiles/cmTryCompileExec612765640.dir/CheckSymbolExists.c.o   -c /home/earrolig/cpe476/slumber/lab1/linux/Lab1/CMakeFiles/CMakeTmp/CheckSymbolExists.c
Linking C executable cmTryCompileExec612765640
/usr/bin/cmake -E cmake_link_script CMakeFiles/cmTryCompileExec612765640.dir/link.txt --verbose=1
/usr/bin/cc       CMakeFiles/cmTryCompileExec612765640.dir/CheckSymbolExists.c.o  -o cmTryCompileExec612765640 -rdynamic 
CMakeFiles/cmTryCompileExec612765640.dir/CheckSymbolExists.c.o: In function `main':
CheckSymbolExists.c:(.text+0xc): undefined reference to `pthread_create'
collect2: ld returned 1 exit status
gmake[1]: *** [cmTryCompileExec612765640] Error 1
gmake[1]: Leaving directory `/home/earrolig/cpe476/slumber/lab1/linux/Lab1/CMakeFiles/CMakeTmp'
gmake: *** [cmTryCompileExec612765640/fast] Error 2

File /home/earrolig/cpe476/slumber/lab1/linux/Lab1/CMakeFiles/CMakeTmp/CheckSymbolExists.c:
/* */
#include <pthread.h>

int main(int argc, char** argv)
{
  (void)argv;
#ifndef pthread_create
  return ((int*)(&pthread_create))[argc];
#else
  (void)argc;
  return 0;
#endif
}

Determining if the function pthread_create exists in the pthreads failed with the following output:
Change Dir: /home/earrolig/cpe476/slumber/lab1/linux/Lab1/CMakeFiles/CMakeTmp

Run Build Command:/usr/bin/gmake "cmTryCompileExec518371132/fast"
/usr/bin/gmake -f CMakeFiles/cmTryCompileExec518371132.dir/build.make CMakeFiles/cmTryCompileExec518371132.dir/build
gmake[1]: Entering directory `/home/earrolig/cpe476/slumber/lab1/linux/Lab1/CMakeFiles/CMakeTmp'
/usr/bin/cmake -E cmake_progress_report /home/earrolig/cpe476/slumber/lab1/linux/Lab1/CMakeFiles/CMakeTmp/CMakeFiles 1
Building C object CMakeFiles/cmTryCompileExec518371132.dir/CheckFunctionExists.c.o
/usr/bin/cc   -DCHECK_FUNCTION_EXISTS=pthread_create   -o CMakeFiles/cmTryCompileExec518371132.dir/CheckFunctionExists.c.o   -c /usr/share/cmake/Modules/CheckFunctionExists.c
Linking C executable cmTryCompileExec518371132
/usr/bin/cmake -E cmake_link_script CMakeFiles/cmTryCompileExec518371132.dir/link.txt --verbose=1
/usr/bin/cc   -DCHECK_FUNCTION_EXISTS=pthread_create    CMakeFiles/cmTryCompileExec518371132.dir/CheckFunctionExists.c.o  -o cmTryCompileExec518371132 -rdynamic -lpthreads 
/usr/bin/ld: cannot find -lpthreads
collect2: ld returned 1 exit status
gmake[1]: *** [cmTryCompileExec518371132] Error 1
gmake[1]: Leaving directory `/home/earrolig/cpe476/slumber/lab1/linux/Lab1/CMakeFiles/CMakeTmp'
gmake: *** [cmTryCompileExec518371132/fast] Error 2


Determining if the function glXGetProcAddressEXT exists failed with the following output:
Change Dir: /home/earrolig/cpe476/slumber/lab1/linux/Lab1/CMakeFiles/CMakeTmp

Run Build Command:/usr/bin/gmake "cmTryCompileExec1147167063/fast"
/usr/bin/gmake -f CMakeFiles/cmTryCompileExec1147167063.dir/build.make CMakeFiles/cmTryCompileExec1147167063.dir/build
gmake[1]: Entering directory `/home/earrolig/cpe476/slumber/lab1/linux/Lab1/CMakeFiles/CMakeTmp'
/usr/bin/cmake -E cmake_progress_report /home/earrolig/cpe476/slumber/lab1/linux/Lab1/CMakeFiles/CMakeTmp/CMakeFiles 1
Building C object CMakeFiles/cmTryCompileExec1147167063.dir/CheckFunctionExists.c.o
/usr/bin/cc   -DCHECK_FUNCTION_EXISTS=glXGetProcAddressEXT   -o CMakeFiles/cmTryCompileExec1147167063.dir/CheckFunctionExists.c.o   -c /usr/share/cmake/Modules/CheckFunctionExists.c
Linking C executable cmTryCompileExec1147167063
/usr/bin/cmake -E cmake_link_script CMakeFiles/cmTryCompileExec1147167063.dir/link.txt --verbose=1
/usr/bin/cc   -DCHECK_FUNCTION_EXISTS=glXGetProcAddressEXT    CMakeFiles/cmTryCompileExec1147167063.dir/CheckFunctionExists.c.o  -o cmTryCompileExec1147167063 -rdynamic -lGL 
CMakeFiles/cmTryCompileExec1147167063.dir/CheckFunctionExists.c.o: In function `main':
CheckFunctionExists.c:(.text+0x15): undefined reference to `glXGetProcAddressEXT'
collect2: ld returned 1 exit status
gmake[1]: *** [cmTryCompileExec1147167063] Error 1
gmake[1]: Leaving directory `/home/earrolig/cpe476/slumber/lab1/linux/Lab1/CMakeFiles/CMakeTmp'
gmake: *** [cmTryCompileExec1147167063/fast] Error 2


