The system is: Linux - 2.6.32-504.12.2.el6.x86_64 - x86_64
Compiling the C compiler identification source file "CMakeCCompilerId.c" succeeded.
Compiler: /usr/bin/cc 
Build flags: 
Id flags: 

The output was:
0


Compilation of the C compiler identification source "CMakeCCompilerId.c" produced "a.out"

The C compiler identification is GNU, found in "/home/earrolig/cpe476/slumber/lab1/Cmake/CMakeFiles/2.8.12.2/CompilerIdC/a.out"

Compiling the CXX compiler identification source file "CMakeCXXCompilerId.cpp" succeeded.
Compiler: /usr/bin/c++ 
Build flags: 
Id flags: 

The output was:
0


Compilation of the CXX compiler identification source "CMakeCXXCompilerId.cpp" produced "a.out"

The CXX compiler identification is GNU, found in "/home/earrolig/cpe476/slumber/lab1/Cmake/CMakeFiles/2.8.12.2/CompilerIdCXX/a.out"

Determining if the C compiler works passed with the following output:
Change Dir: /home/earrolig/cpe476/slumber/lab1/Cmake/CMakeFiles/CMakeTmp

Run Build Command:/usr/bin/gmake "cmTryCompileExec447136691/fast"
/usr/bin/gmake -f CMakeFiles/cmTryCompileExec447136691.dir/build.make CMakeFiles/cmTryCompileExec447136691.dir/build
gmake[1]: Entering directory `/home/earrolig/cpe476/slumber/lab1/Cmake/CMakeFiles/CMakeTmp'
/usr/bin/cmake -E cmake_progress_report /home/earrolig/cpe476/slumber/lab1/Cmake/CMakeFiles/CMakeTmp/CMakeFiles 1
Building C object CMakeFiles/cmTryCompileExec447136691.dir/testCCompiler.c.o
/usr/bin/cc    -o CMakeFiles/cmTryCompileExec447136691.dir/testCCompiler.c.o   -c /home/earrolig/cpe476/slumber/lab1/Cmake/CMakeFiles/CMakeTmp/testCCompiler.c
Linking C executable cmTryCompileExec447136691
/usr/bin/cmake -E cmake_link_script CMakeFiles/cmTryCompileExec447136691.dir/link.txt --verbose=1
/usr/bin/cc       CMakeFiles/cmTryCompileExec447136691.dir/testCCompiler.c.o  -o cmTryCompileExec447136691 -rdynamic 
gmake[1]: Leaving directory `/home/earrolig/cpe476/slumber/lab1/Cmake/CMakeFiles/CMakeTmp'


Detecting C compiler ABI info compiled with the following output:
Change Dir: /home/earrolig/cpe476/slumber/lab1/Cmake/CMakeFiles/CMakeTmp

Run Build Command:/usr/bin/gmake "cmTryCompileExec1812872791/fast"
/usr/bin/gmake -f CMakeFiles/cmTryCompileExec1812872791.dir/build.make CMakeFiles/cmTryCompileExec1812872791.dir/build
gmake[1]: Entering directory `/home/earrolig/cpe476/slumber/lab1/Cmake/CMakeFiles/CMakeTmp'
/usr/bin/cmake -E cmake_progress_report /home/earrolig/cpe476/slumber/lab1/Cmake/CMakeFiles/CMakeTmp/CMakeFiles 1
Building C object CMakeFiles/cmTryCompileExec1812872791.dir/CMakeCCompilerABI.c.o
/usr/bin/cc    -o CMakeFiles/cmTryCompileExec1812872791.dir/CMakeCCompilerABI.c.o   -c /usr/share/cmake/Modules/CMakeCCompilerABI.c
Linking C executable cmTryCompileExec1812872791
/usr/bin/cmake -E cmake_link_script CMakeFiles/cmTryCompileExec1812872791.dir/link.txt --verbose=1
/usr/bin/cc     -v CMakeFiles/cmTryCompileExec1812872791.dir/CMakeCCompilerABI.c.o  -o cmTryCompileExec1812872791 -rdynamic  
Using built-in specs.
Target: x86_64-redhat-linux
Configured with: ../configure --prefix=/usr --mandir=/usr/share/man --infodir=/usr/share/info --with-bugurl=http://bugzilla.redhat.com/bugzilla --enable-bootstrap --enable-shared --enable-threads=posix --enable-checking=release --with-system-zlib --enable-__cxa_atexit --disable-libunwind-exceptions --enable-gnu-unique-object --enable-languages=c,c++,objc,obj-c++,java,fortran,ada --enable-java-awt=gtk --disable-dssi --with-java-home=/usr/lib/jvm/java-1.5.0-gcj-1.5.0.0/jre --enable-libgcj-multifile --enable-java-maintainer-mode --with-ecj-jar=/usr/share/java/eclipse-ecj.jar --disable-libjava-multilib --with-ppl --with-cloog --with-tune=generic --with-arch_32=i686 --build=x86_64-redhat-linux
Thread model: posix
gcc version 4.4.7 20120313 (Red Hat 4.4.7-11) (GCC) 
COMPILER_PATH=/usr/libexec/gcc/x86_64-redhat-linux/4.4.7/:/usr/libexec/gcc/x86_64-redhat-linux/4.4.7/:/usr/libexec/gcc/x86_64-redhat-linux/:/usr/lib/gcc/x86_64-redhat-linux/4.4.7/:/usr/lib/gcc/x86_64-redhat-linux/:/usr/libexec/gcc/x86_64-redhat-linux/4.4.7/:/usr/libexec/gcc/x86_64-redhat-linux/:/usr/lib/gcc/x86_64-redhat-linux/4.4.7/:/usr/lib/gcc/x86_64-redhat-linux/
LIBRARY_PATH=/usr/lib/gcc/x86_64-redhat-linux/4.4.7/:/usr/lib/gcc/x86_64-redhat-linux/4.4.7/:/usr/lib/gcc/x86_64-redhat-linux/4.4.7/../../../../lib64/:/lib/../lib64/:/usr/lib/../lib64/:/usr/lib/gcc/x86_64-redhat-linux/4.4.7/../../../:/lib/:/usr/lib/
COLLECT_GCC_OPTIONS='-v' '-o' 'cmTryCompileExec1812872791' '-rdynamic' '-mtune=generic'
 /usr/libexec/gcc/x86_64-redhat-linux/4.4.7/collect2 --eh-frame-hdr --build-id -m elf_x86_64 --hash-style=gnu -export-dynamic -dynamic-linker /lib64/ld-linux-x86-64.so.2 -o cmTryCompileExec1812872791 /usr/lib/gcc/x86_64-redhat-linux/4.4.7/../../../../lib64/crt1.o /usr/lib/gcc/x86_64-redhat-linux/4.4.7/../../../../lib64/crti.o /usr/lib/gcc/x86_64-redhat-linux/4.4.7/crtbegin.o -L/usr/lib/gcc/x86_64-redhat-linux/4.4.7 -L/usr/lib/gcc/x86_64-redhat-linux/4.4.7 -L/usr/lib/gcc/x86_64-redhat-linux/4.4.7/../../../../lib64 -L/lib/../lib64 -L/usr/lib/../lib64 -L/usr/lib/gcc/x86_64-redhat-linux/4.4.7/../../.. CMakeFiles/cmTryCompileExec1812872791.dir/CMakeCCompilerABI.c.o -lgcc --as-needed -lgcc_s --no-as-needed -lc -lgcc --as-needed -lgcc_s --no-as-needed /usr/lib/gcc/x86_64-redhat-linux/4.4.7/crtend.o /usr/lib/gcc/x86_64-redhat-linux/4.4.7/../../../../lib64/crtn.o
gmake[1]: Leaving directory `/home/earrolig/cpe476/slumber/lab1/Cmake/CMakeFiles/CMakeTmp'


Parsed C implicit link information from above output:
  link line regex: [^( *|.*[/\])(ld|([^/\]+-)?ld|collect2)[^/\]*( |$)]
  ignore line: [Change Dir: /home/earrolig/cpe476/slumber/lab1/Cmake/CMakeFiles/CMakeTmp]
  ignore line: []
  ignore line: [Run Build Command:/usr/bin/gmake "cmTryCompileExec1812872791/fast"]
  ignore line: [/usr/bin/gmake -f CMakeFiles/cmTryCompileExec1812872791.dir/build.make CMakeFiles/cmTryCompileExec1812872791.dir/build]
  ignore line: [gmake[1]: Entering directory `/home/earrolig/cpe476/slumber/lab1/Cmake/CMakeFiles/CMakeTmp']
  ignore line: [/usr/bin/cmake -E cmake_progress_report /home/earrolig/cpe476/slumber/lab1/Cmake/CMakeFiles/CMakeTmp/CMakeFiles 1]
  ignore line: [Building C object CMakeFiles/cmTryCompileExec1812872791.dir/CMakeCCompilerABI.c.o]
  ignore line: [/usr/bin/cc    -o CMakeFiles/cmTryCompileExec1812872791.dir/CMakeCCompilerABI.c.o   -c /usr/share/cmake/Modules/CMakeCCompilerABI.c]
  ignore line: [Linking C executable cmTryCompileExec1812872791]
  ignore line: [/usr/bin/cmake -E cmake_link_script CMakeFiles/cmTryCompileExec1812872791.dir/link.txt --verbose=1]
  ignore line: [/usr/bin/cc     -v CMakeFiles/cmTryCompileExec1812872791.dir/CMakeCCompilerABI.c.o  -o cmTryCompileExec1812872791 -rdynamic  ]
  ignore line: [Using built-in specs.]
  ignore line: [Target: x86_64-redhat-linux]
  ignore line: [Configured with: ../configure --prefix=/usr --mandir=/usr/share/man --infodir=/usr/share/info --with-bugurl=http://bugzilla.redhat.com/bugzilla --enable-bootstrap --enable-shared --enable-threads=posix --enable-checking=release --with-system-zlib --enable-__cxa_atexit --disable-libunwind-exceptions --enable-gnu-unique-object --enable-languages=c,c++,objc,obj-c++,java,fortran,ada --enable-java-awt=gtk --disable-dssi --with-java-home=/usr/lib/jvm/java-1.5.0-gcj-1.5.0.0/jre --enable-libgcj-multifile --enable-java-maintainer-mode --with-ecj-jar=/usr/share/java/eclipse-ecj.jar --disable-libjava-multilib --with-ppl --with-cloog --with-tune=generic --with-arch_32=i686 --build=x86_64-redhat-linux]
  ignore line: [Thread model: posix]
  ignore line: [gcc version 4.4.7 20120313 (Red Hat 4.4.7-11) (GCC) ]
  ignore line: [COMPILER_PATH=/usr/libexec/gcc/x86_64-redhat-linux/4.4.7/:/usr/libexec/gcc/x86_64-redhat-linux/4.4.7/:/usr/libexec/gcc/x86_64-redhat-linux/:/usr/lib/gcc/x86_64-redhat-linux/4.4.7/:/usr/lib/gcc/x86_64-redhat-linux/:/usr/libexec/gcc/x86_64-redhat-linux/4.4.7/:/usr/libexec/gcc/x86_64-redhat-linux/:/usr/lib/gcc/x86_64-redhat-linux/4.4.7/:/usr/lib/gcc/x86_64-redhat-linux/]
  ignore line: [LIBRARY_PATH=/usr/lib/gcc/x86_64-redhat-linux/4.4.7/:/usr/lib/gcc/x86_64-redhat-linux/4.4.7/:/usr/lib/gcc/x86_64-redhat-linux/4.4.7/../../../../lib64/:/lib/../lib64/:/usr/lib/../lib64/:/usr/lib/gcc/x86_64-redhat-linux/4.4.7/../../../:/lib/:/usr/lib/]
  ignore line: [COLLECT_GCC_OPTIONS='-v' '-o' 'cmTryCompileExec1812872791' '-rdynamic' '-mtune=generic']
  link line: [ /usr/libexec/gcc/x86_64-redhat-linux/4.4.7/collect2 --eh-frame-hdr --build-id -m elf_x86_64 --hash-style=gnu -export-dynamic -dynamic-linker /lib64/ld-linux-x86-64.so.2 -o cmTryCompileExec1812872791 /usr/lib/gcc/x86_64-redhat-linux/4.4.7/../../../../lib64/crt1.o /usr/lib/gcc/x86_64-redhat-linux/4.4.7/../../../../lib64/crti.o /usr/lib/gcc/x86_64-redhat-linux/4.4.7/crtbegin.o -L/usr/lib/gcc/x86_64-redhat-linux/4.4.7 -L/usr/lib/gcc/x86_64-redhat-linux/4.4.7 -L/usr/lib/gcc/x86_64-redhat-linux/4.4.7/../../../../lib64 -L/lib/../lib64 -L/usr/lib/../lib64 -L/usr/lib/gcc/x86_64-redhat-linux/4.4.7/../../.. CMakeFiles/cmTryCompileExec1812872791.dir/CMakeCCompilerABI.c.o -lgcc --as-needed -lgcc_s --no-as-needed -lc -lgcc --as-needed -lgcc_s --no-as-needed /usr/lib/gcc/x86_64-redhat-linux/4.4.7/crtend.o /usr/lib/gcc/x86_64-redhat-linux/4.4.7/../../../../lib64/crtn.o]
    arg [/usr/libexec/gcc/x86_64-redhat-linux/4.4.7/collect2] ==> ignore
    arg [--eh-frame-hdr] ==> ignore
    arg [--build-id] ==> ignore
    arg [-m] ==> ignore
    arg [elf_x86_64] ==> ignore
    arg [--hash-style=gnu] ==> ignore
    arg [-export-dynamic] ==> ignore
    arg [-dynamic-linker] ==> ignore
    arg [/lib64/ld-linux-x86-64.so.2] ==> ignore
    arg [-o] ==> ignore
    arg [cmTryCompileExec1812872791] ==> ignore
    arg [/usr/lib/gcc/x86_64-redhat-linux/4.4.7/../../../../lib64/crt1.o] ==> ignore
    arg [/usr/lib/gcc/x86_64-redhat-linux/4.4.7/../../../../lib64/crti.o] ==> ignore
    arg [/usr/lib/gcc/x86_64-redhat-linux/4.4.7/crtbegin.o] ==> ignore
    arg [-L/usr/lib/gcc/x86_64-redhat-linux/4.4.7] ==> dir [/usr/lib/gcc/x86_64-redhat-linux/4.4.7]
    arg [-L/usr/lib/gcc/x86_64-redhat-linux/4.4.7] ==> dir [/usr/lib/gcc/x86_64-redhat-linux/4.4.7]
    arg [-L/usr/lib/gcc/x86_64-redhat-linux/4.4.7/../../../../lib64] ==> dir [/usr/lib/gcc/x86_64-redhat-linux/4.4.7/../../../../lib64]
    arg [-L/lib/../lib64] ==> dir [/lib/../lib64]
    arg [-L/usr/lib/../lib64] ==> dir [/usr/lib/../lib64]
    arg [-L/usr/lib/gcc/x86_64-redhat-linux/4.4.7/../../..] ==> dir [/usr/lib/gcc/x86_64-redhat-linux/4.4.7/../../..]
    arg [CMakeFiles/cmTryCompileExec1812872791.dir/CMakeCCompilerABI.c.o] ==> ignore
    arg [-lgcc] ==> lib [gcc]
    arg [--as-needed] ==> ignore
    arg [-lgcc_s] ==> lib [gcc_s]
    arg [--no-as-needed] ==> ignore
    arg [-lc] ==> lib [c]
    arg [-lgcc] ==> lib [gcc]
    arg [--as-needed] ==> ignore
    arg [-lgcc_s] ==> lib [gcc_s]
    arg [--no-as-needed] ==> ignore
    arg [/usr/lib/gcc/x86_64-redhat-linux/4.4.7/crtend.o] ==> ignore
    arg [/usr/lib/gcc/x86_64-redhat-linux/4.4.7/../../../../lib64/crtn.o] ==> ignore
  remove lib [gcc]
  remove lib [gcc_s]
  remove lib [gcc]
  remove lib [gcc_s]
  collapse library dir [/usr/lib/gcc/x86_64-redhat-linux/4.4.7] ==> [/usr/lib/gcc/x86_64-redhat-linux/4.4.7]
  collapse library dir [/usr/lib/gcc/x86_64-redhat-linux/4.4.7] ==> [/usr/lib/gcc/x86_64-redhat-linux/4.4.7]
  collapse library dir [/usr/lib/gcc/x86_64-redhat-linux/4.4.7/../../../../lib64] ==> [/usr/lib64]
  collapse library dir [/lib/../lib64] ==> [/lib64]
  collapse library dir [/usr/lib/../lib64] ==> [/usr/lib64]
  collapse library dir [/usr/lib/gcc/x86_64-redhat-linux/4.4.7/../../..] ==> [/usr/lib]
  implicit libs: [c]
  implicit dirs: [/usr/lib/gcc/x86_64-redhat-linux/4.4.7;/usr/lib64;/lib64;/usr/lib]
  implicit fwks: []


Determining if the CXX compiler works passed with the following output:
Change Dir: /home/earrolig/cpe476/slumber/lab1/Cmake/CMakeFiles/CMakeTmp

Run Build Command:/usr/bin/gmake "cmTryCompileExec3127706012/fast"
/usr/bin/gmake -f CMakeFiles/cmTryCompileExec3127706012.dir/build.make CMakeFiles/cmTryCompileExec3127706012.dir/build
gmake[1]: Entering directory `/home/earrolig/cpe476/slumber/lab1/Cmake/CMakeFiles/CMakeTmp'
/usr/bin/cmake -E cmake_progress_report /home/earrolig/cpe476/slumber/lab1/Cmake/CMakeFiles/CMakeTmp/CMakeFiles 1
Building CXX object CMakeFiles/cmTryCompileExec3127706012.dir/testCXXCompiler.cxx.o
/usr/bin/c++     -o CMakeFiles/cmTryCompileExec3127706012.dir/testCXXCompiler.cxx.o -c /home/earrolig/cpe476/slumber/lab1/Cmake/CMakeFiles/CMakeTmp/testCXXCompiler.cxx
Linking CXX executable cmTryCompileExec3127706012
/usr/bin/cmake -E cmake_link_script CMakeFiles/cmTryCompileExec3127706012.dir/link.txt --verbose=1
/usr/bin/c++        CMakeFiles/cmTryCompileExec3127706012.dir/testCXXCompiler.cxx.o  -o cmTryCompileExec3127706012 -rdynamic 
gmake[1]: Leaving directory `/home/earrolig/cpe476/slumber/lab1/Cmake/CMakeFiles/CMakeTmp'


Detecting CXX compiler ABI info compiled with the following output:
Change Dir: /home/earrolig/cpe476/slumber/lab1/Cmake/CMakeFiles/CMakeTmp

Run Build Command:/usr/bin/gmake "cmTryCompileExec182171007/fast"
/usr/bin/gmake -f CMakeFiles/cmTryCompileExec182171007.dir/build.make CMakeFiles/cmTryCompileExec182171007.dir/build
gmake[1]: Entering directory `/home/earrolig/cpe476/slumber/lab1/Cmake/CMakeFiles/CMakeTmp'
/usr/bin/cmake -E cmake_progress_report /home/earrolig/cpe476/slumber/lab1/Cmake/CMakeFiles/CMakeTmp/CMakeFiles 1
Building CXX object CMakeFiles/cmTryCompileExec182171007.dir/CMakeCXXCompilerABI.cpp.o
/usr/bin/c++     -o CMakeFiles/cmTryCompileExec182171007.dir/CMakeCXXCompilerABI.cpp.o -c /usr/share/cmake/Modules/CMakeCXXCompilerABI.cpp
Linking CXX executable cmTryCompileExec182171007
/usr/bin/cmake -E cmake_link_script CMakeFiles/cmTryCompileExec182171007.dir/link.txt --verbose=1
/usr/bin/c++      -v CMakeFiles/cmTryCompileExec182171007.dir/CMakeCXXCompilerABI.cpp.o  -o cmTryCompileExec182171007 -rdynamic  
Using built-in specs.
Target: x86_64-redhat-linux
Configured with: ../configure --prefix=/usr --mandir=/usr/share/man --infodir=/usr/share/info --with-bugurl=http://bugzilla.redhat.com/bugzilla --enable-bootstrap --enable-shared --enable-threads=posix --enable-checking=release --with-system-zlib --enable-__cxa_atexit --disable-libunwind-exceptions --enable-gnu-unique-object --enable-languages=c,c++,objc,obj-c++,java,fortran,ada --enable-java-awt=gtk --disable-dssi --with-java-home=/usr/lib/jvm/java-1.5.0-gcj-1.5.0.0/jre --enable-libgcj-multifile --enable-java-maintainer-mode --with-ecj-jar=/usr/share/java/eclipse-ecj.jar --disable-libjava-multilib --with-ppl --with-cloog --with-tune=generic --with-arch_32=i686 --build=x86_64-redhat-linux
Thread model: posix
gcc version 4.4.7 20120313 (Red Hat 4.4.7-11) (GCC) 
COMPILER_PATH=/usr/libexec/gcc/x86_64-redhat-linux/4.4.7/:/usr/libexec/gcc/x86_64-redhat-linux/4.4.7/:/usr/libexec/gcc/x86_64-redhat-linux/:/usr/lib/gcc/x86_64-redhat-linux/4.4.7/:/usr/lib/gcc/x86_64-redhat-linux/:/usr/libexec/gcc/x86_64-redhat-linux/4.4.7/:/usr/libexec/gcc/x86_64-redhat-linux/:/usr/lib/gcc/x86_64-redhat-linux/4.4.7/:/usr/lib/gcc/x86_64-redhat-linux/
LIBRARY_PATH=/usr/lib/gcc/x86_64-redhat-linux/4.4.7/:/usr/lib/gcc/x86_64-redhat-linux/4.4.7/:/usr/lib/gcc/x86_64-redhat-linux/4.4.7/../../../../lib64/:/lib/../lib64/:/usr/lib/../lib64/:/usr/lib/gcc/x86_64-redhat-linux/4.4.7/../../../:/lib/:/usr/lib/
COLLECT_GCC_OPTIONS='-v' '-o' 'cmTryCompileExec182171007' '-rdynamic' '-shared-libgcc' '-mtune=generic'
 /usr/libexec/gcc/x86_64-redhat-linux/4.4.7/collect2 --eh-frame-hdr --build-id -m elf_x86_64 --hash-style=gnu -export-dynamic -dynamic-linker /lib64/ld-linux-x86-64.so.2 -o cmTryCompileExec182171007 /usr/lib/gcc/x86_64-redhat-linux/4.4.7/../../../../lib64/crt1.o /usr/lib/gcc/x86_64-redhat-linux/4.4.7/../../../../lib64/crti.o /usr/lib/gcc/x86_64-redhat-linux/4.4.7/crtbegin.o -L/usr/lib/gcc/x86_64-redhat-linux/4.4.7 -L/usr/lib/gcc/x86_64-redhat-linux/4.4.7 -L/usr/lib/gcc/x86_64-redhat-linux/4.4.7/../../../../lib64 -L/lib/../lib64 -L/usr/lib/../lib64 -L/usr/lib/gcc/x86_64-redhat-linux/4.4.7/../../.. CMakeFiles/cmTryCompileExec182171007.dir/CMakeCXXCompilerABI.cpp.o -lstdc++ -lm -lgcc_s -lgcc -lc -lgcc_s -lgcc /usr/lib/gcc/x86_64-redhat-linux/4.4.7/crtend.o /usr/lib/gcc/x86_64-redhat-linux/4.4.7/../../../../lib64/crtn.o
gmake[1]: Leaving directory `/home/earrolig/cpe476/slumber/lab1/Cmake/CMakeFiles/CMakeTmp'


Parsed CXX implicit link information from above output:
  link line regex: [^( *|.*[/\])(ld|([^/\]+-)?ld|collect2)[^/\]*( |$)]
  ignore line: [Change Dir: /home/earrolig/cpe476/slumber/lab1/Cmake/CMakeFiles/CMakeTmp]
  ignore line: []
  ignore line: [Run Build Command:/usr/bin/gmake "cmTryCompileExec182171007/fast"]
  ignore line: [/usr/bin/gmake -f CMakeFiles/cmTryCompileExec182171007.dir/build.make CMakeFiles/cmTryCompileExec182171007.dir/build]
  ignore line: [gmake[1]: Entering directory `/home/earrolig/cpe476/slumber/lab1/Cmake/CMakeFiles/CMakeTmp']
  ignore line: [/usr/bin/cmake -E cmake_progress_report /home/earrolig/cpe476/slumber/lab1/Cmake/CMakeFiles/CMakeTmp/CMakeFiles 1]
  ignore line: [Building CXX object CMakeFiles/cmTryCompileExec182171007.dir/CMakeCXXCompilerABI.cpp.o]
  ignore line: [/usr/bin/c++     -o CMakeFiles/cmTryCompileExec182171007.dir/CMakeCXXCompilerABI.cpp.o -c /usr/share/cmake/Modules/CMakeCXXCompilerABI.cpp]
  ignore line: [Linking CXX executable cmTryCompileExec182171007]
  ignore line: [/usr/bin/cmake -E cmake_link_script CMakeFiles/cmTryCompileExec182171007.dir/link.txt --verbose=1]
  ignore line: [/usr/bin/c++      -v CMakeFiles/cmTryCompileExec182171007.dir/CMakeCXXCompilerABI.cpp.o  -o cmTryCompileExec182171007 -rdynamic  ]
  ignore line: [Using built-in specs.]
  ignore line: [Target: x86_64-redhat-linux]
  ignore line: [Configured with: ../configure --prefix=/usr --mandir=/usr/share/man --infodir=/usr/share/info --with-bugurl=http://bugzilla.redhat.com/bugzilla --enable-bootstrap --enable-shared --enable-threads=posix --enable-checking=release --with-system-zlib --enable-__cxa_atexit --disable-libunwind-exceptions --enable-gnu-unique-object --enable-languages=c,c++,objc,obj-c++,java,fortran,ada --enable-java-awt=gtk --disable-dssi --with-java-home=/usr/lib/jvm/java-1.5.0-gcj-1.5.0.0/jre --enable-libgcj-multifile --enable-java-maintainer-mode --with-ecj-jar=/usr/share/java/eclipse-ecj.jar --disable-libjava-multilib --with-ppl --with-cloog --with-tune=generic --with-arch_32=i686 --build=x86_64-redhat-linux]
  ignore line: [Thread model: posix]
  ignore line: [gcc version 4.4.7 20120313 (Red Hat 4.4.7-11) (GCC) ]
  ignore line: [COMPILER_PATH=/usr/libexec/gcc/x86_64-redhat-linux/4.4.7/:/usr/libexec/gcc/x86_64-redhat-linux/4.4.7/:/usr/libexec/gcc/x86_64-redhat-linux/:/usr/lib/gcc/x86_64-redhat-linux/4.4.7/:/usr/lib/gcc/x86_64-redhat-linux/:/usr/libexec/gcc/x86_64-redhat-linux/4.4.7/:/usr/libexec/gcc/x86_64-redhat-linux/:/usr/lib/gcc/x86_64-redhat-linux/4.4.7/:/usr/lib/gcc/x86_64-redhat-linux/]
  ignore line: [LIBRARY_PATH=/usr/lib/gcc/x86_64-redhat-linux/4.4.7/:/usr/lib/gcc/x86_64-redhat-linux/4.4.7/:/usr/lib/gcc/x86_64-redhat-linux/4.4.7/../../../../lib64/:/lib/../lib64/:/usr/lib/../lib64/:/usr/lib/gcc/x86_64-redhat-linux/4.4.7/../../../:/lib/:/usr/lib/]
  ignore line: [COLLECT_GCC_OPTIONS='-v' '-o' 'cmTryCompileExec182171007' '-rdynamic' '-shared-libgcc' '-mtune=generic']
  link line: [ /usr/libexec/gcc/x86_64-redhat-linux/4.4.7/collect2 --eh-frame-hdr --build-id -m elf_x86_64 --hash-style=gnu -export-dynamic -dynamic-linker /lib64/ld-linux-x86-64.so.2 -o cmTryCompileExec182171007 /usr/lib/gcc/x86_64-redhat-linux/4.4.7/../../../../lib64/crt1.o /usr/lib/gcc/x86_64-redhat-linux/4.4.7/../../../../lib64/crti.o /usr/lib/gcc/x86_64-redhat-linux/4.4.7/crtbegin.o -L/usr/lib/gcc/x86_64-redhat-linux/4.4.7 -L/usr/lib/gcc/x86_64-redhat-linux/4.4.7 -L/usr/lib/gcc/x86_64-redhat-linux/4.4.7/../../../../lib64 -L/lib/../lib64 -L/usr/lib/../lib64 -L/usr/lib/gcc/x86_64-redhat-linux/4.4.7/../../.. CMakeFiles/cmTryCompileExec182171007.dir/CMakeCXXCompilerABI.cpp.o -lstdc++ -lm -lgcc_s -lgcc -lc -lgcc_s -lgcc /usr/lib/gcc/x86_64-redhat-linux/4.4.7/crtend.o /usr/lib/gcc/x86_64-redhat-linux/4.4.7/../../../../lib64/crtn.o]
    arg [/usr/libexec/gcc/x86_64-redhat-linux/4.4.7/collect2] ==> ignore
    arg [--eh-frame-hdr] ==> ignore
    arg [--build-id] ==> ignore
    arg [-m] ==> ignore
    arg [elf_x86_64] ==> ignore
    arg [--hash-style=gnu] ==> ignore
    arg [-export-dynamic] ==> ignore
    arg [-dynamic-linker] ==> ignore
    arg [/lib64/ld-linux-x86-64.so.2] ==> ignore
    arg [-o] ==> ignore
    arg [cmTryCompileExec182171007] ==> ignore
    arg [/usr/lib/gcc/x86_64-redhat-linux/4.4.7/../../../../lib64/crt1.o] ==> ignore
    arg [/usr/lib/gcc/x86_64-redhat-linux/4.4.7/../../../../lib64/crti.o] ==> ignore
    arg [/usr/lib/gcc/x86_64-redhat-linux/4.4.7/crtbegin.o] ==> ignore
    arg [-L/usr/lib/gcc/x86_64-redhat-linux/4.4.7] ==> dir [/usr/lib/gcc/x86_64-redhat-linux/4.4.7]
    arg [-L/usr/lib/gcc/x86_64-redhat-linux/4.4.7] ==> dir [/usr/lib/gcc/x86_64-redhat-linux/4.4.7]
    arg [-L/usr/lib/gcc/x86_64-redhat-linux/4.4.7/../../../../lib64] ==> dir [/usr/lib/gcc/x86_64-redhat-linux/4.4.7/../../../../lib64]
    arg [-L/lib/../lib64] ==> dir [/lib/../lib64]
    arg [-L/usr/lib/../lib64] ==> dir [/usr/lib/../lib64]
    arg [-L/usr/lib/gcc/x86_64-redhat-linux/4.4.7/../../..] ==> dir [/usr/lib/gcc/x86_64-redhat-linux/4.4.7/../../..]
    arg [CMakeFiles/cmTryCompileExec182171007.dir/CMakeCXXCompilerABI.cpp.o] ==> ignore
    arg [-lstdc++] ==> lib [stdc++]
    arg [-lm] ==> lib [m]
    arg [-lgcc_s] ==> lib [gcc_s]
    arg [-lgcc] ==> lib [gcc]
    arg [-lc] ==> lib [c]
    arg [-lgcc_s] ==> lib [gcc_s]
    arg [-lgcc] ==> lib [gcc]
    arg [/usr/lib/gcc/x86_64-redhat-linux/4.4.7/crtend.o] ==> ignore
    arg [/usr/lib/gcc/x86_64-redhat-linux/4.4.7/../../../../lib64/crtn.o] ==> ignore
  remove lib [gcc_s]
  remove lib [gcc]
  remove lib [gcc_s]
  remove lib [gcc]
  collapse library dir [/usr/lib/gcc/x86_64-redhat-linux/4.4.7] ==> [/usr/lib/gcc/x86_64-redhat-linux/4.4.7]
  collapse library dir [/usr/lib/gcc/x86_64-redhat-linux/4.4.7] ==> [/usr/lib/gcc/x86_64-redhat-linux/4.4.7]
  collapse library dir [/usr/lib/gcc/x86_64-redhat-linux/4.4.7/../../../../lib64] ==> [/usr/lib64]
  collapse library dir [/lib/../lib64] ==> [/lib64]
  collapse library dir [/usr/lib/../lib64] ==> [/usr/lib64]
  collapse library dir [/usr/lib/gcc/x86_64-redhat-linux/4.4.7/../../..] ==> [/usr/lib]
  implicit libs: [stdc++;m;c]
  implicit dirs: [/usr/lib/gcc/x86_64-redhat-linux/4.4.7;/usr/lib64;/lib64;/usr/lib]
  implicit fwks: []


Determining if the function XOpenDisplay exists in the /usr/lib64/libX11.so;/usr/lib64/libXext.so passed with the following output:
Change Dir: /home/earrolig/cpe476/slumber/lab1/Cmake/CMakeFiles/CMakeTmp

Run Build Command:/usr/bin/gmake "cmTryCompileExec1365238187/fast"
/usr/bin/gmake -f CMakeFiles/cmTryCompileExec1365238187.dir/build.make CMakeFiles/cmTryCompileExec1365238187.dir/build
gmake[1]: Entering directory `/home/earrolig/cpe476/slumber/lab1/Cmake/CMakeFiles/CMakeTmp'
/usr/bin/cmake -E cmake_progress_report /home/earrolig/cpe476/slumber/lab1/Cmake/CMakeFiles/CMakeTmp/CMakeFiles 1
Building C object CMakeFiles/cmTryCompileExec1365238187.dir/CheckFunctionExists.c.o
/usr/bin/cc   -DCHECK_FUNCTION_EXISTS=XOpenDisplay   -o CMakeFiles/cmTryCompileExec1365238187.dir/CheckFunctionExists.c.o   -c /usr/share/cmake/Modules/CheckFunctionExists.c
Linking C executable cmTryCompileExec1365238187
/usr/bin/cmake -E cmake_link_script CMakeFiles/cmTryCompileExec1365238187.dir/link.txt --verbose=1
/usr/bin/cc   -DCHECK_FUNCTION_EXISTS=XOpenDisplay    CMakeFiles/cmTryCompileExec1365238187.dir/CheckFunctionExists.c.o  -o cmTryCompileExec1365238187 -rdynamic -lX11 -lXext 
gmake[1]: Leaving directory `/home/earrolig/cpe476/slumber/lab1/Cmake/CMakeFiles/CMakeTmp'


Determining if the function gethostbyname exists passed with the following output:
Change Dir: /home/earrolig/cpe476/slumber/lab1/Cmake/CMakeFiles/CMakeTmp

Run Build Command:/usr/bin/gmake "cmTryCompileExec2062494985/fast"
/usr/bin/gmake -f CMakeFiles/cmTryCompileExec2062494985.dir/build.make CMakeFiles/cmTryCompileExec2062494985.dir/build
gmake[1]: Entering directory `/home/earrolig/cpe476/slumber/lab1/Cmake/CMakeFiles/CMakeTmp'
/usr/bin/cmake -E cmake_progress_report /home/earrolig/cpe476/slumber/lab1/Cmake/CMakeFiles/CMakeTmp/CMakeFiles 1
Building C object CMakeFiles/cmTryCompileExec2062494985.dir/CheckFunctionExists.c.o
/usr/bin/cc   -DCHECK_FUNCTION_EXISTS=gethostbyname   -o CMakeFiles/cmTryCompileExec2062494985.dir/CheckFunctionExists.c.o   -c /usr/share/cmake/Modules/CheckFunctionExists.c
Linking C executable cmTryCompileExec2062494985
/usr/bin/cmake -E cmake_link_script CMakeFiles/cmTryCompileExec2062494985.dir/link.txt --verbose=1
/usr/bin/cc   -DCHECK_FUNCTION_EXISTS=gethostbyname    CMakeFiles/cmTryCompileExec2062494985.dir/CheckFunctionExists.c.o  -o cmTryCompileExec2062494985 -rdynamic 
gmake[1]: Leaving directory `/home/earrolig/cpe476/slumber/lab1/Cmake/CMakeFiles/CMakeTmp'


Determining if the function connect exists passed with the following output:
Change Dir: /home/earrolig/cpe476/slumber/lab1/Cmake/CMakeFiles/CMakeTmp

Run Build Command:/usr/bin/gmake "cmTryCompileExec1440171972/fast"
/usr/bin/gmake -f CMakeFiles/cmTryCompileExec1440171972.dir/build.make CMakeFiles/cmTryCompileExec1440171972.dir/build
gmake[1]: Entering directory `/home/earrolig/cpe476/slumber/lab1/Cmake/CMakeFiles/CMakeTmp'
/usr/bin/cmake -E cmake_progress_report /home/earrolig/cpe476/slumber/lab1/Cmake/CMakeFiles/CMakeTmp/CMakeFiles 1
Building C object CMakeFiles/cmTryCompileExec1440171972.dir/CheckFunctionExists.c.o
/usr/bin/cc   -DCHECK_FUNCTION_EXISTS=connect   -o CMakeFiles/cmTryCompileExec1440171972.dir/CheckFunctionExists.c.o   -c /usr/share/cmake/Modules/CheckFunctionExists.c
Linking C executable cmTryCompileExec1440171972
/usr/bin/cmake -E cmake_link_script CMakeFiles/cmTryCompileExec1440171972.dir/link.txt --verbose=1
/usr/bin/cc   -DCHECK_FUNCTION_EXISTS=connect    CMakeFiles/cmTryCompileExec1440171972.dir/CheckFunctionExists.c.o  -o cmTryCompileExec1440171972 -rdynamic 
gmake[1]: Leaving directory `/home/earrolig/cpe476/slumber/lab1/Cmake/CMakeFiles/CMakeTmp'


Determining if the function remove exists passed with the following output:
Change Dir: /home/earrolig/cpe476/slumber/lab1/Cmake/CMakeFiles/CMakeTmp

Run Build Command:/usr/bin/gmake "cmTryCompileExec2341623604/fast"
/usr/bin/gmake -f CMakeFiles/cmTryCompileExec2341623604.dir/build.make CMakeFiles/cmTryCompileExec2341623604.dir/build
gmake[1]: Entering directory `/home/earrolig/cpe476/slumber/lab1/Cmake/CMakeFiles/CMakeTmp'
/usr/bin/cmake -E cmake_progress_report /home/earrolig/cpe476/slumber/lab1/Cmake/CMakeFiles/CMakeTmp/CMakeFiles 1
Building C object CMakeFiles/cmTryCompileExec2341623604.dir/CheckFunctionExists.c.o
/usr/bin/cc   -DCHECK_FUNCTION_EXISTS=remove   -o CMakeFiles/cmTryCompileExec2341623604.dir/CheckFunctionExists.c.o   -c /usr/share/cmake/Modules/CheckFunctionExists.c
Linking C executable cmTryCompileExec2341623604
/usr/bin/cmake -E cmake_link_script CMakeFiles/cmTryCompileExec2341623604.dir/link.txt --verbose=1
/usr/bin/cc   -DCHECK_FUNCTION_EXISTS=remove    CMakeFiles/cmTryCompileExec2341623604.dir/CheckFunctionExists.c.o  -o cmTryCompileExec2341623604 -rdynamic 
gmake[1]: Leaving directory `/home/earrolig/cpe476/slumber/lab1/Cmake/CMakeFiles/CMakeTmp'


Determining if the function shmat exists passed with the following output:
Change Dir: /home/earrolig/cpe476/slumber/lab1/Cmake/CMakeFiles/CMakeTmp

Run Build Command:/usr/bin/gmake "cmTryCompileExec1934269997/fast"
/usr/bin/gmake -f CMakeFiles/cmTryCompileExec1934269997.dir/build.make CMakeFiles/cmTryCompileExec1934269997.dir/build
gmake[1]: Entering directory `/home/earrolig/cpe476/slumber/lab1/Cmake/CMakeFiles/CMakeTmp'
/usr/bin/cmake -E cmake_progress_report /home/earrolig/cpe476/slumber/lab1/Cmake/CMakeFiles/CMakeTmp/CMakeFiles 1
Building C object CMakeFiles/cmTryCompileExec1934269997.dir/CheckFunctionExists.c.o
/usr/bin/cc   -DCHECK_FUNCTION_EXISTS=shmat   -o CMakeFiles/cmTryCompileExec1934269997.dir/CheckFunctionExists.c.o   -c /usr/share/cmake/Modules/CheckFunctionExists.c
Linking C executable cmTryCompileExec1934269997
/usr/bin/cmake -E cmake_link_script CMakeFiles/cmTryCompileExec1934269997.dir/link.txt --verbose=1
/usr/bin/cc   -DCHECK_FUNCTION_EXISTS=shmat    CMakeFiles/cmTryCompileExec1934269997.dir/CheckFunctionExists.c.o  -o cmTryCompileExec1934269997 -rdynamic 
gmake[1]: Leaving directory `/home/earrolig/cpe476/slumber/lab1/Cmake/CMakeFiles/CMakeTmp'


Determining if the function IceConnectionNumber exists in the ICE passed with the following output:
Change Dir: /home/earrolig/cpe476/slumber/lab1/Cmake/CMakeFiles/CMakeTmp

Run Build Command:/usr/bin/gmake "cmTryCompileExec2259754602/fast"
/usr/bin/gmake -f CMakeFiles/cmTryCompileExec2259754602.dir/build.make CMakeFiles/cmTryCompileExec2259754602.dir/build
gmake[1]: Entering directory `/home/earrolig/cpe476/slumber/lab1/Cmake/CMakeFiles/CMakeTmp'
/usr/bin/cmake -E cmake_progress_report /home/earrolig/cpe476/slumber/lab1/Cmake/CMakeFiles/CMakeTmp/CMakeFiles 1
Building C object CMakeFiles/cmTryCompileExec2259754602.dir/CheckFunctionExists.c.o
/usr/bin/cc   -DCHECK_FUNCTION_EXISTS=IceConnectionNumber   -o CMakeFiles/cmTryCompileExec2259754602.dir/CheckFunctionExists.c.o   -c /usr/share/cmake/Modules/CheckFunctionExists.c
Linking C executable cmTryCompileExec2259754602
/usr/bin/cmake -E cmake_link_script CMakeFiles/cmTryCompileExec2259754602.dir/link.txt --verbose=1
/usr/bin/cc   -DCHECK_FUNCTION_EXISTS=IceConnectionNumber    CMakeFiles/cmTryCompileExec2259754602.dir/CheckFunctionExists.c.o  -o cmTryCompileExec2259754602 -rdynamic -lICE 
gmake[1]: Leaving directory `/home/earrolig/cpe476/slumber/lab1/Cmake/CMakeFiles/CMakeTmp'


Determining if files pthread.h exist passed with the following output:
Change Dir: /home/earrolig/cpe476/slumber/lab1/Cmake/CMakeFiles/CMakeTmp

Run Build Command:/usr/bin/gmake "cmTryCompileExec866156809/fast"
/usr/bin/gmake -f CMakeFiles/cmTryCompileExec866156809.dir/build.make CMakeFiles/cmTryCompileExec866156809.dir/build
gmake[1]: Entering directory `/home/earrolig/cpe476/slumber/lab1/Cmake/CMakeFiles/CMakeTmp'
/usr/bin/cmake -E cmake_progress_report /home/earrolig/cpe476/slumber/lab1/Cmake/CMakeFiles/CMakeTmp/CMakeFiles 1
Building C object CMakeFiles/cmTryCompileExec866156809.dir/CheckIncludeFiles.c.o
/usr/bin/cc    -o CMakeFiles/cmTryCompileExec866156809.dir/CheckIncludeFiles.c.o   -c /home/earrolig/cpe476/slumber/lab1/Cmake/CMakeFiles/CMakeTmp/CheckIncludeFiles.c
Linking C executable cmTryCompileExec866156809
/usr/bin/cmake -E cmake_link_script CMakeFiles/cmTryCompileExec866156809.dir/link.txt --verbose=1
/usr/bin/cc       CMakeFiles/cmTryCompileExec866156809.dir/CheckIncludeFiles.c.o  -o cmTryCompileExec866156809 -rdynamic 
gmake[1]: Leaving directory `/home/earrolig/cpe476/slumber/lab1/Cmake/CMakeFiles/CMakeTmp'


Determining if the function pthread_create exists in the pthread passed with the following output:
Change Dir: /home/earrolig/cpe476/slumber/lab1/Cmake/CMakeFiles/CMakeTmp

Run Build Command:/usr/bin/gmake "cmTryCompileExec2181143048/fast"
/usr/bin/gmake -f CMakeFiles/cmTryCompileExec2181143048.dir/build.make CMakeFiles/cmTryCompileExec2181143048.dir/build
gmake[1]: Entering directory `/home/earrolig/cpe476/slumber/lab1/Cmake/CMakeFiles/CMakeTmp'
/usr/bin/cmake -E cmake_progress_report /home/earrolig/cpe476/slumber/lab1/Cmake/CMakeFiles/CMakeTmp/CMakeFiles 1
Building C object CMakeFiles/cmTryCompileExec2181143048.dir/CheckFunctionExists.c.o
/usr/bin/cc   -DCHECK_FUNCTION_EXISTS=pthread_create   -o CMakeFiles/cmTryCompileExec2181143048.dir/CheckFunctionExists.c.o   -c /usr/share/cmake/Modules/CheckFunctionExists.c
Linking C executable cmTryCompileExec2181143048
/usr/bin/cmake -E cmake_link_script CMakeFiles/cmTryCompileExec2181143048.dir/link.txt --verbose=1
/usr/bin/cc   -DCHECK_FUNCTION_EXISTS=pthread_create    CMakeFiles/cmTryCompileExec2181143048.dir/CheckFunctionExists.c.o  -o cmTryCompileExec2181143048 -rdynamic -lpthread 
gmake[1]: Leaving directory `/home/earrolig/cpe476/slumber/lab1/Cmake/CMakeFiles/CMakeTmp'


Determining if the function glXGetProcAddress exists passed with the following output:
Change Dir: /home/earrolig/cpe476/slumber/lab1/Cmake/CMakeFiles/CMakeTmp

Run Build Command:/usr/bin/gmake "cmTryCompileExec2383756588/fast"
/usr/bin/gmake -f CMakeFiles/cmTryCompileExec2383756588.dir/build.make CMakeFiles/cmTryCompileExec2383756588.dir/build
gmake[1]: Entering directory `/home/earrolig/cpe476/slumber/lab1/Cmake/CMakeFiles/CMakeTmp'
/usr/bin/cmake -E cmake_progress_report /home/earrolig/cpe476/slumber/lab1/Cmake/CMakeFiles/CMakeTmp/CMakeFiles 1
Building C object CMakeFiles/cmTryCompileExec2383756588.dir/CheckFunctionExists.c.o
/usr/bin/cc   -DCHECK_FUNCTION_EXISTS=glXGetProcAddress   -o CMakeFiles/cmTryCompileExec2383756588.dir/CheckFunctionExists.c.o   -c /usr/share/cmake/Modules/CheckFunctionExists.c
Linking C executable cmTryCompileExec2383756588
/usr/bin/cmake -E cmake_link_script CMakeFiles/cmTryCompileExec2383756588.dir/link.txt --verbose=1
/usr/bin/cc   -DCHECK_FUNCTION_EXISTS=glXGetProcAddress    CMakeFiles/cmTryCompileExec2383756588.dir/CheckFunctionExists.c.o  -o cmTryCompileExec2383756588 -rdynamic -lGL 
gmake[1]: Leaving directory `/home/earrolig/cpe476/slumber/lab1/Cmake/CMakeFiles/CMakeTmp'


Determining if the function glXGetProcAddressARB exists passed with the following output:
Change Dir: /home/earrolig/cpe476/slumber/lab1/Cmake/CMakeFiles/CMakeTmp

Run Build Command:/usr/bin/gmake "cmTryCompileExec3651318273/fast"
/usr/bin/gmake -f CMakeFiles/cmTryCompileExec3651318273.dir/build.make CMakeFiles/cmTryCompileExec3651318273.dir/build
gmake[1]: Entering directory `/home/earrolig/cpe476/slumber/lab1/Cmake/CMakeFiles/CMakeTmp'
/usr/bin/cmake -E cmake_progress_report /home/earrolig/cpe476/slumber/lab1/Cmake/CMakeFiles/CMakeTmp/CMakeFiles 1
Building C object CMakeFiles/cmTryCompileExec3651318273.dir/CheckFunctionExists.c.o
/usr/bin/cc   -DCHECK_FUNCTION_EXISTS=glXGetProcAddressARB   -o CMakeFiles/cmTryCompileExec3651318273.dir/CheckFunctionExists.c.o   -c /usr/share/cmake/Modules/CheckFunctionExists.c
Linking C executable cmTryCompileExec3651318273
/usr/bin/cmake -E cmake_link_script CMakeFiles/cmTryCompileExec3651318273.dir/link.txt --verbose=1
/usr/bin/cc   -DCHECK_FUNCTION_EXISTS=glXGetProcAddressARB    CMakeFiles/cmTryCompileExec3651318273.dir/CheckFunctionExists.c.o  -o cmTryCompileExec3651318273 -rdynamic -lGL 
gmake[1]: Leaving directory `/home/earrolig/cpe476/slumber/lab1/Cmake/CMakeFiles/CMakeTmp'


Determining if the function XOpenDisplay exists in the /usr/lib64/libX11.so;/usr/lib64/libXext.so passed with the following output:
Change Dir: /home/efiske/slumber/lab1/Cmake/CMakeFiles/CMakeTmp

Run Build Command:/usr/bin/gmake "cmTryCompileExec3456239592/fast"
/usr/bin/gmake -f CMakeFiles/cmTryCompileExec3456239592.dir/build.make CMakeFiles/cmTryCompileExec3456239592.dir/build
gmake[1]: Entering directory `/home/efiske/slumber/lab1/Cmake/CMakeFiles/CMakeTmp'
/usr/bin/cmake -E cmake_progress_report /home/efiske/slumber/lab1/Cmake/CMakeFiles/CMakeTmp/CMakeFiles 1
Building C object CMakeFiles/cmTryCompileExec3456239592.dir/CheckFunctionExists.c.o
/usr/bin/cc   -DCHECK_FUNCTION_EXISTS=XOpenDisplay   -o CMakeFiles/cmTryCompileExec3456239592.dir/CheckFunctionExists.c.o   -c /usr/share/cmake/Modules/CheckFunctionExists.c
Linking C executable cmTryCompileExec3456239592
/usr/bin/cmake -E cmake_link_script CMakeFiles/cmTryCompileExec3456239592.dir/link.txt --verbose=1
/usr/bin/cc   -DCHECK_FUNCTION_EXISTS=XOpenDisplay    CMakeFiles/cmTryCompileExec3456239592.dir/CheckFunctionExists.c.o  -o cmTryCompileExec3456239592 -rdynamic -lX11 -lXext 
gmake[1]: Leaving directory `/home/efiske/slumber/lab1/Cmake/CMakeFiles/CMakeTmp'


Determining if the function gethostbyname exists passed with the following output:
Change Dir: /home/efiske/slumber/lab1/Cmake/CMakeFiles/CMakeTmp

Run Build Command:/usr/bin/gmake "cmTryCompileExec1792211106/fast"
/usr/bin/gmake -f CMakeFiles/cmTryCompileExec1792211106.dir/build.make CMakeFiles/cmTryCompileExec1792211106.dir/build
gmake[1]: Entering directory `/home/efiske/slumber/lab1/Cmake/CMakeFiles/CMakeTmp'
/usr/bin/cmake -E cmake_progress_report /home/efiske/slumber/lab1/Cmake/CMakeFiles/CMakeTmp/CMakeFiles 1
Building C object CMakeFiles/cmTryCompileExec1792211106.dir/CheckFunctionExists.c.o
/usr/bin/cc   -DCHECK_FUNCTION_EXISTS=gethostbyname   -o CMakeFiles/cmTryCompileExec1792211106.dir/CheckFunctionExists.c.o   -c /usr/share/cmake/Modules/CheckFunctionExists.c
Linking C executable cmTryCompileExec1792211106
/usr/bin/cmake -E cmake_link_script CMakeFiles/cmTryCompileExec1792211106.dir/link.txt --verbose=1
/usr/bin/cc   -DCHECK_FUNCTION_EXISTS=gethostbyname    CMakeFiles/cmTryCompileExec1792211106.dir/CheckFunctionExists.c.o  -o cmTryCompileExec1792211106 -rdynamic 
gmake[1]: Leaving directory `/home/efiske/slumber/lab1/Cmake/CMakeFiles/CMakeTmp'


Determining if the function connect exists passed with the following output:
Change Dir: /home/efiske/slumber/lab1/Cmake/CMakeFiles/CMakeTmp

Run Build Command:/usr/bin/gmake "cmTryCompileExec2630898254/fast"
/usr/bin/gmake -f CMakeFiles/cmTryCompileExec2630898254.dir/build.make CMakeFiles/cmTryCompileExec2630898254.dir/build
gmake[1]: Entering directory `/home/efiske/slumber/lab1/Cmake/CMakeFiles/CMakeTmp'
/usr/bin/cmake -E cmake_progress_report /home/efiske/slumber/lab1/Cmake/CMakeFiles/CMakeTmp/CMakeFiles 1
Building C object CMakeFiles/cmTryCompileExec2630898254.dir/CheckFunctionExists.c.o
/usr/bin/cc   -DCHECK_FUNCTION_EXISTS=connect   -o CMakeFiles/cmTryCompileExec2630898254.dir/CheckFunctionExists.c.o   -c /usr/share/cmake/Modules/CheckFunctionExists.c
Linking C executable cmTryCompileExec2630898254
/usr/bin/cmake -E cmake_link_script CMakeFiles/cmTryCompileExec2630898254.dir/link.txt --verbose=1
/usr/bin/cc   -DCHECK_FUNCTION_EXISTS=connect    CMakeFiles/cmTryCompileExec2630898254.dir/CheckFunctionExists.c.o  -o cmTryCompileExec2630898254 -rdynamic 
gmake[1]: Leaving directory `/home/efiske/slumber/lab1/Cmake/CMakeFiles/CMakeTmp'


Determining if the function remove exists passed with the following output:
Change Dir: /home/efiske/slumber/lab1/Cmake/CMakeFiles/CMakeTmp

Run Build Command:/usr/bin/gmake "cmTryCompileExec4266548728/fast"
/usr/bin/gmake -f CMakeFiles/cmTryCompileExec4266548728.dir/build.make CMakeFiles/cmTryCompileExec4266548728.dir/build
gmake[1]: Entering directory `/home/efiske/slumber/lab1/Cmake/CMakeFiles/CMakeTmp'
/usr/bin/cmake -E cmake_progress_report /home/efiske/slumber/lab1/Cmake/CMakeFiles/CMakeTmp/CMakeFiles 1
Building C object CMakeFiles/cmTryCompileExec4266548728.dir/CheckFunctionExists.c.o
/usr/bin/cc   -DCHECK_FUNCTION_EXISTS=remove   -o CMakeFiles/cmTryCompileExec4266548728.dir/CheckFunctionExists.c.o   -c /usr/share/cmake/Modules/CheckFunctionExists.c
Linking C executable cmTryCompileExec4266548728
/usr/bin/cmake -E cmake_link_script CMakeFiles/cmTryCompileExec4266548728.dir/link.txt --verbose=1
/usr/bin/cc   -DCHECK_FUNCTION_EXISTS=remove    CMakeFiles/cmTryCompileExec4266548728.dir/CheckFunctionExists.c.o  -o cmTryCompileExec4266548728 -rdynamic 
gmake[1]: Leaving directory `/home/efiske/slumber/lab1/Cmake/CMakeFiles/CMakeTmp'


Determining if the function shmat exists passed with the following output:
Change Dir: /home/efiske/slumber/lab1/Cmake/CMakeFiles/CMakeTmp

Run Build Command:/usr/bin/gmake "cmTryCompileExec3392082380/fast"
/usr/bin/gmake -f CMakeFiles/cmTryCompileExec3392082380.dir/build.make CMakeFiles/cmTryCompileExec3392082380.dir/build
gmake[1]: Entering directory `/home/efiske/slumber/lab1/Cmake/CMakeFiles/CMakeTmp'
/usr/bin/cmake -E cmake_progress_report /home/efiske/slumber/lab1/Cmake/CMakeFiles/CMakeTmp/CMakeFiles 1
Building C object CMakeFiles/cmTryCompileExec3392082380.dir/CheckFunctionExists.c.o
/usr/bin/cc   -DCHECK_FUNCTION_EXISTS=shmat   -o CMakeFiles/cmTryCompileExec3392082380.dir/CheckFunctionExists.c.o   -c /usr/share/cmake/Modules/CheckFunctionExists.c
Linking C executable cmTryCompileExec3392082380
/usr/bin/cmake -E cmake_link_script CMakeFiles/cmTryCompileExec3392082380.dir/link.txt --verbose=1
/usr/bin/cc   -DCHECK_FUNCTION_EXISTS=shmat    CMakeFiles/cmTryCompileExec3392082380.dir/CheckFunctionExists.c.o  -o cmTryCompileExec3392082380 -rdynamic 
gmake[1]: Leaving directory `/home/efiske/slumber/lab1/Cmake/CMakeFiles/CMakeTmp'


Determining if the function IceConnectionNumber exists in the ICE passed with the following output:
Change Dir: /home/efiske/slumber/lab1/Cmake/CMakeFiles/CMakeTmp

Run Build Command:/usr/bin/gmake "cmTryCompileExec182806145/fast"
/usr/bin/gmake -f CMakeFiles/cmTryCompileExec182806145.dir/build.make CMakeFiles/cmTryCompileExec182806145.dir/build
gmake[1]: Entering directory `/home/efiske/slumber/lab1/Cmake/CMakeFiles/CMakeTmp'
/usr/bin/cmake -E cmake_progress_report /home/efiske/slumber/lab1/Cmake/CMakeFiles/CMakeTmp/CMakeFiles 1
Building C object CMakeFiles/cmTryCompileExec182806145.dir/CheckFunctionExists.c.o
/usr/bin/cc   -DCHECK_FUNCTION_EXISTS=IceConnectionNumber   -o CMakeFiles/cmTryCompileExec182806145.dir/CheckFunctionExists.c.o   -c /usr/share/cmake/Modules/CheckFunctionExists.c
Linking C executable cmTryCompileExec182806145
/usr/bin/cmake -E cmake_link_script CMakeFiles/cmTryCompileExec182806145.dir/link.txt --verbose=1
/usr/bin/cc   -DCHECK_FUNCTION_EXISTS=IceConnectionNumber    CMakeFiles/cmTryCompileExec182806145.dir/CheckFunctionExists.c.o  -o cmTryCompileExec182806145 -rdynamic -lICE 
gmake[1]: Leaving directory `/home/efiske/slumber/lab1/Cmake/CMakeFiles/CMakeTmp'


Determining if files pthread.h exist passed with the following output:
Change Dir: /home/efiske/slumber/lab1/Cmake/CMakeFiles/CMakeTmp

Run Build Command:/usr/bin/gmake "cmTryCompileExec4186375751/fast"
/usr/bin/gmake -f CMakeFiles/cmTryCompileExec4186375751.dir/build.make CMakeFiles/cmTryCompileExec4186375751.dir/build
gmake[1]: Entering directory `/home/efiske/slumber/lab1/Cmake/CMakeFiles/CMakeTmp'
/usr/bin/cmake -E cmake_progress_report /home/efiske/slumber/lab1/Cmake/CMakeFiles/CMakeTmp/CMakeFiles 1
Building C object CMakeFiles/cmTryCompileExec4186375751.dir/CheckIncludeFiles.c.o
/usr/bin/cc    -o CMakeFiles/cmTryCompileExec4186375751.dir/CheckIncludeFiles.c.o   -c /home/efiske/slumber/lab1/Cmake/CMakeFiles/CMakeTmp/CheckIncludeFiles.c
Linking C executable cmTryCompileExec4186375751
/usr/bin/cmake -E cmake_link_script CMakeFiles/cmTryCompileExec4186375751.dir/link.txt --verbose=1
/usr/bin/cc       CMakeFiles/cmTryCompileExec4186375751.dir/CheckIncludeFiles.c.o  -o cmTryCompileExec4186375751 -rdynamic 
gmake[1]: Leaving directory `/home/efiske/slumber/lab1/Cmake/CMakeFiles/CMakeTmp'


Determining if the function pthread_create exists in the pthread passed with the following output:
Change Dir: /home/efiske/slumber/lab1/Cmake/CMakeFiles/CMakeTmp

Run Build Command:/usr/bin/gmake "cmTryCompileExec685544398/fast"
/usr/bin/gmake -f CMakeFiles/cmTryCompileExec685544398.dir/build.make CMakeFiles/cmTryCompileExec685544398.dir/build
gmake[1]: Entering directory `/home/efiske/slumber/lab1/Cmake/CMakeFiles/CMakeTmp'
/usr/bin/cmake -E cmake_progress_report /home/efiske/slumber/lab1/Cmake/CMakeFiles/CMakeTmp/CMakeFiles 1
Building C object CMakeFiles/cmTryCompileExec685544398.dir/CheckFunctionExists.c.o
/usr/bin/cc   -DCHECK_FUNCTION_EXISTS=pthread_create   -o CMakeFiles/cmTryCompileExec685544398.dir/CheckFunctionExists.c.o   -c /usr/share/cmake/Modules/CheckFunctionExists.c
Linking C executable cmTryCompileExec685544398
/usr/bin/cmake -E cmake_link_script CMakeFiles/cmTryCompileExec685544398.dir/link.txt --verbose=1
/usr/bin/cc   -DCHECK_FUNCTION_EXISTS=pthread_create    CMakeFiles/cmTryCompileExec685544398.dir/CheckFunctionExists.c.o  -o cmTryCompileExec685544398 -rdynamic -lpthread 
gmake[1]: Leaving directory `/home/efiske/slumber/lab1/Cmake/CMakeFiles/CMakeTmp'


Determining if the function glXGetProcAddress exists passed with the following output:
Change Dir: /home/efiske/slumber/lab1/Cmake/CMakeFiles/CMakeTmp

Run Build Command:/usr/bin/gmake "cmTryCompileExec1737519643/fast"
/usr/bin/gmake -f CMakeFiles/cmTryCompileExec1737519643.dir/build.make CMakeFiles/cmTryCompileExec1737519643.dir/build
gmake[1]: Entering directory `/home/efiske/slumber/lab1/Cmake/CMakeFiles/CMakeTmp'
/usr/bin/cmake -E cmake_progress_report /home/efiske/slumber/lab1/Cmake/CMakeFiles/CMakeTmp/CMakeFiles 1
Building C object CMakeFiles/cmTryCompileExec1737519643.dir/CheckFunctionExists.c.o
/usr/bin/cc   -DCHECK_FUNCTION_EXISTS=glXGetProcAddress   -o CMakeFiles/cmTryCompileExec1737519643.dir/CheckFunctionExists.c.o   -c /usr/share/cmake/Modules/CheckFunctionExists.c
Linking C executable cmTryCompileExec1737519643
/usr/bin/cmake -E cmake_link_script CMakeFiles/cmTryCompileExec1737519643.dir/link.txt --verbose=1
/usr/bin/cc   -DCHECK_FUNCTION_EXISTS=glXGetProcAddress    CMakeFiles/cmTryCompileExec1737519643.dir/CheckFunctionExists.c.o  -o cmTryCompileExec1737519643 -rdynamic -lGL 
gmake[1]: Leaving directory `/home/efiske/slumber/lab1/Cmake/CMakeFiles/CMakeTmp'


Determining if the function glXGetProcAddressARB exists passed with the following output:
Change Dir: /home/efiske/slumber/lab1/Cmake/CMakeFiles/CMakeTmp

Run Build Command:/usr/bin/gmake "cmTryCompileExec3149539080/fast"
/usr/bin/gmake -f CMakeFiles/cmTryCompileExec3149539080.dir/build.make CMakeFiles/cmTryCompileExec3149539080.dir/build
gmake[1]: Entering directory `/home/efiske/slumber/lab1/Cmake/CMakeFiles/CMakeTmp'
/usr/bin/cmake -E cmake_progress_report /home/efiske/slumber/lab1/Cmake/CMakeFiles/CMakeTmp/CMakeFiles 1
Building C object CMakeFiles/cmTryCompileExec3149539080.dir/CheckFunctionExists.c.o
/usr/bin/cc   -DCHECK_FUNCTION_EXISTS=glXGetProcAddressARB   -o CMakeFiles/cmTryCompileExec3149539080.dir/CheckFunctionExists.c.o   -c /usr/share/cmake/Modules/CheckFunctionExists.c
Linking C executable cmTryCompileExec3149539080
/usr/bin/cmake -E cmake_link_script CMakeFiles/cmTryCompileExec3149539080.dir/link.txt --verbose=1
/usr/bin/cc   -DCHECK_FUNCTION_EXISTS=glXGetProcAddressARB    CMakeFiles/cmTryCompileExec3149539080.dir/CheckFunctionExists.c.o  -o cmTryCompileExec3149539080 -rdynamic -lGL 
gmake[1]: Leaving directory `/home/efiske/slumber/lab1/Cmake/CMakeFiles/CMakeTmp'


Determining if the function XOpenDisplay exists in the /usr/lib64/libX11.so;/usr/lib64/libXext.so passed with the following output:
Change Dir: /home/earrolig/cpe476/slumber/lab1/Cmake/CMakeFiles/CMakeTmp

Run Build Command:/usr/bin/gmake "cmTryCompileExec2600870246/fast"
/usr/bin/gmake -f CMakeFiles/cmTryCompileExec2600870246.dir/build.make CMakeFiles/cmTryCompileExec2600870246.dir/build
gmake[1]: Entering directory `/home/earrolig/cpe476/slumber/lab1/Cmake/CMakeFiles/CMakeTmp'
/usr/bin/cmake -E cmake_progress_report /home/earrolig/cpe476/slumber/lab1/Cmake/CMakeFiles/CMakeTmp/CMakeFiles 1
Building C object CMakeFiles/cmTryCompileExec2600870246.dir/CheckFunctionExists.c.o
/usr/bin/cc   -DCHECK_FUNCTION_EXISTS=XOpenDisplay   -o CMakeFiles/cmTryCompileExec2600870246.dir/CheckFunctionExists.c.o   -c /usr/share/cmake/Modules/CheckFunctionExists.c
Linking C executable cmTryCompileExec2600870246
/usr/bin/cmake -E cmake_link_script CMakeFiles/cmTryCompileExec2600870246.dir/link.txt --verbose=1
/usr/bin/cc   -DCHECK_FUNCTION_EXISTS=XOpenDisplay    CMakeFiles/cmTryCompileExec2600870246.dir/CheckFunctionExists.c.o  -o cmTryCompileExec2600870246 -rdynamic -lX11 -lXext 
gmake[1]: Leaving directory `/home/earrolig/cpe476/slumber/lab1/Cmake/CMakeFiles/CMakeTmp'


Determining if the function gethostbyname exists passed with the following output:
Change Dir: /home/earrolig/cpe476/slumber/lab1/Cmake/CMakeFiles/CMakeTmp

Run Build Command:/usr/bin/gmake "cmTryCompileExec2871636195/fast"
/usr/bin/gmake -f CMakeFiles/cmTryCompileExec2871636195.dir/build.make CMakeFiles/cmTryCompileExec2871636195.dir/build
gmake[1]: Entering directory `/home/earrolig/cpe476/slumber/lab1/Cmake/CMakeFiles/CMakeTmp'
/usr/bin/cmake -E cmake_progress_report /home/earrolig/cpe476/slumber/lab1/Cmake/CMakeFiles/CMakeTmp/CMakeFiles 1
Building C object CMakeFiles/cmTryCompileExec2871636195.dir/CheckFunctionExists.c.o
/usr/bin/cc   -DCHECK_FUNCTION_EXISTS=gethostbyname   -o CMakeFiles/cmTryCompileExec2871636195.dir/CheckFunctionExists.c.o   -c /usr/share/cmake/Modules/CheckFunctionExists.c
Linking C executable cmTryCompileExec2871636195
/usr/bin/cmake -E cmake_link_script CMakeFiles/cmTryCompileExec2871636195.dir/link.txt --verbose=1
/usr/bin/cc   -DCHECK_FUNCTION_EXISTS=gethostbyname    CMakeFiles/cmTryCompileExec2871636195.dir/CheckFunctionExists.c.o  -o cmTryCompileExec2871636195 -rdynamic 
gmake[1]: Leaving directory `/home/earrolig/cpe476/slumber/lab1/Cmake/CMakeFiles/CMakeTmp'


Determining if the function connect exists passed with the following output:
Change Dir: /home/earrolig/cpe476/slumber/lab1/Cmake/CMakeFiles/CMakeTmp

Run Build Command:/usr/bin/gmake "cmTryCompileExec2588564614/fast"
/usr/bin/gmake -f CMakeFiles/cmTryCompileExec2588564614.dir/build.make CMakeFiles/cmTryCompileExec2588564614.dir/build
gmake[1]: Entering directory `/home/earrolig/cpe476/slumber/lab1/Cmake/CMakeFiles/CMakeTmp'
/usr/bin/cmake -E cmake_progress_report /home/earrolig/cpe476/slumber/lab1/Cmake/CMakeFiles/CMakeTmp/CMakeFiles 1
Building C object CMakeFiles/cmTryCompileExec2588564614.dir/CheckFunctionExists.c.o
/usr/bin/cc   -DCHECK_FUNCTION_EXISTS=connect   -o CMakeFiles/cmTryCompileExec2588564614.dir/CheckFunctionExists.c.o   -c /usr/share/cmake/Modules/CheckFunctionExists.c
Linking C executable cmTryCompileExec2588564614
/usr/bin/cmake -E cmake_link_script CMakeFiles/cmTryCompileExec2588564614.dir/link.txt --verbose=1
/usr/bin/cc   -DCHECK_FUNCTION_EXISTS=connect    CMakeFiles/cmTryCompileExec2588564614.dir/CheckFunctionExists.c.o  -o cmTryCompileExec2588564614 -rdynamic 
gmake[1]: Leaving directory `/home/earrolig/cpe476/slumber/lab1/Cmake/CMakeFiles/CMakeTmp'


Determining if the function remove exists passed with the following output:
Change Dir: /home/earrolig/cpe476/slumber/lab1/Cmake/CMakeFiles/CMakeTmp

Run Build Command:/usr/bin/gmake "cmTryCompileExec572963327/fast"
/usr/bin/gmake -f CMakeFiles/cmTryCompileExec572963327.dir/build.make CMakeFiles/cmTryCompileExec572963327.dir/build
gmake[1]: Entering directory `/home/earrolig/cpe476/slumber/lab1/Cmake/CMakeFiles/CMakeTmp'
/usr/bin/cmake -E cmake_progress_report /home/earrolig/cpe476/slumber/lab1/Cmake/CMakeFiles/CMakeTmp/CMakeFiles 1
Building C object CMakeFiles/cmTryCompileExec572963327.dir/CheckFunctionExists.c.o
/usr/bin/cc   -DCHECK_FUNCTION_EXISTS=remove   -o CMakeFiles/cmTryCompileExec572963327.dir/CheckFunctionExists.c.o   -c /usr/share/cmake/Modules/CheckFunctionExists.c
Linking C executable cmTryCompileExec572963327
/usr/bin/cmake -E cmake_link_script CMakeFiles/cmTryCompileExec572963327.dir/link.txt --verbose=1
/usr/bin/cc   -DCHECK_FUNCTION_EXISTS=remove    CMakeFiles/cmTryCompileExec572963327.dir/CheckFunctionExists.c.o  -o cmTryCompileExec572963327 -rdynamic 
gmake[1]: Leaving directory `/home/earrolig/cpe476/slumber/lab1/Cmake/CMakeFiles/CMakeTmp'


Determining if the function shmat exists passed with the following output:
Change Dir: /home/earrolig/cpe476/slumber/lab1/Cmake/CMakeFiles/CMakeTmp

Run Build Command:/usr/bin/gmake "cmTryCompileExec296084190/fast"
/usr/bin/gmake -f CMakeFiles/cmTryCompileExec296084190.dir/build.make CMakeFiles/cmTryCompileExec296084190.dir/build
gmake[1]: Entering directory `/home/earrolig/cpe476/slumber/lab1/Cmake/CMakeFiles/CMakeTmp'
/usr/bin/cmake -E cmake_progress_report /home/earrolig/cpe476/slumber/lab1/Cmake/CMakeFiles/CMakeTmp/CMakeFiles 1
Building C object CMakeFiles/cmTryCompileExec296084190.dir/CheckFunctionExists.c.o
/usr/bin/cc   -DCHECK_FUNCTION_EXISTS=shmat   -o CMakeFiles/cmTryCompileExec296084190.dir/CheckFunctionExists.c.o   -c /usr/share/cmake/Modules/CheckFunctionExists.c
Linking C executable cmTryCompileExec296084190
/usr/bin/cmake -E cmake_link_script CMakeFiles/cmTryCompileExec296084190.dir/link.txt --verbose=1
/usr/bin/cc   -DCHECK_FUNCTION_EXISTS=shmat    CMakeFiles/cmTryCompileExec296084190.dir/CheckFunctionExists.c.o  -o cmTryCompileExec296084190 -rdynamic 
gmake[1]: Leaving directory `/home/earrolig/cpe476/slumber/lab1/Cmake/CMakeFiles/CMakeTmp'


Determining if the function IceConnectionNumber exists in the ICE passed with the following output:
Change Dir: /home/earrolig/cpe476/slumber/lab1/Cmake/CMakeFiles/CMakeTmp

Run Build Command:/usr/bin/gmake "cmTryCompileExec3292477481/fast"
/usr/bin/gmake -f CMakeFiles/cmTryCompileExec3292477481.dir/build.make CMakeFiles/cmTryCompileExec3292477481.dir/build
gmake[1]: Entering directory `/home/earrolig/cpe476/slumber/lab1/Cmake/CMakeFiles/CMakeTmp'
/usr/bin/cmake -E cmake_progress_report /home/earrolig/cpe476/slumber/lab1/Cmake/CMakeFiles/CMakeTmp/CMakeFiles 1
Building C object CMakeFiles/cmTryCompileExec3292477481.dir/CheckFunctionExists.c.o
/usr/bin/cc   -DCHECK_FUNCTION_EXISTS=IceConnectionNumber   -o CMakeFiles/cmTryCompileExec3292477481.dir/CheckFunctionExists.c.o   -c /usr/share/cmake/Modules/CheckFunctionExists.c
Linking C executable cmTryCompileExec3292477481
/usr/bin/cmake -E cmake_link_script CMakeFiles/cmTryCompileExec3292477481.dir/link.txt --verbose=1
/usr/bin/cc   -DCHECK_FUNCTION_EXISTS=IceConnectionNumber    CMakeFiles/cmTryCompileExec3292477481.dir/CheckFunctionExists.c.o  -o cmTryCompileExec3292477481 -rdynamic -lICE 
gmake[1]: Leaving directory `/home/earrolig/cpe476/slumber/lab1/Cmake/CMakeFiles/CMakeTmp'


Determining if files pthread.h exist passed with the following output:
Change Dir: /home/earrolig/cpe476/slumber/lab1/Cmake/CMakeFiles/CMakeTmp

Run Build Command:/usr/bin/gmake "cmTryCompileExec3137619541/fast"
/usr/bin/gmake -f CMakeFiles/cmTryCompileExec3137619541.dir/build.make CMakeFiles/cmTryCompileExec3137619541.dir/build
gmake[1]: Entering directory `/home/earrolig/cpe476/slumber/lab1/Cmake/CMakeFiles/CMakeTmp'
/usr/bin/cmake -E cmake_progress_report /home/earrolig/cpe476/slumber/lab1/Cmake/CMakeFiles/CMakeTmp/CMakeFiles 1
Building C object CMakeFiles/cmTryCompileExec3137619541.dir/CheckIncludeFiles.c.o
/usr/bin/cc    -o CMakeFiles/cmTryCompileExec3137619541.dir/CheckIncludeFiles.c.o   -c /home/earrolig/cpe476/slumber/lab1/Cmake/CMakeFiles/CMakeTmp/CheckIncludeFiles.c
Linking C executable cmTryCompileExec3137619541
/usr/bin/cmake -E cmake_link_script CMakeFiles/cmTryCompileExec3137619541.dir/link.txt --verbose=1
/usr/bin/cc       CMakeFiles/cmTryCompileExec3137619541.dir/CheckIncludeFiles.c.o  -o cmTryCompileExec3137619541 -rdynamic 
gmake[1]: Leaving directory `/home/earrolig/cpe476/slumber/lab1/Cmake/CMakeFiles/CMakeTmp'


Determining if the function pthread_create exists in the pthread passed with the following output:
Change Dir: /home/earrolig/cpe476/slumber/lab1/Cmake/CMakeFiles/CMakeTmp

Run Build Command:/usr/bin/gmake "cmTryCompileExec3455707070/fast"
/usr/bin/gmake -f CMakeFiles/cmTryCompileExec3455707070.dir/build.make CMakeFiles/cmTryCompileExec3455707070.dir/build
gmake[1]: Entering directory `/home/earrolig/cpe476/slumber/lab1/Cmake/CMakeFiles/CMakeTmp'
/usr/bin/cmake -E cmake_progress_report /home/earrolig/cpe476/slumber/lab1/Cmake/CMakeFiles/CMakeTmp/CMakeFiles 1
Building C object CMakeFiles/cmTryCompileExec3455707070.dir/CheckFunctionExists.c.o
/usr/bin/cc   -DCHECK_FUNCTION_EXISTS=pthread_create   -o CMakeFiles/cmTryCompileExec3455707070.dir/CheckFunctionExists.c.o   -c /usr/share/cmake/Modules/CheckFunctionExists.c
Linking C executable cmTryCompileExec3455707070
/usr/bin/cmake -E cmake_link_script CMakeFiles/cmTryCompileExec3455707070.dir/link.txt --verbose=1
/usr/bin/cc   -DCHECK_FUNCTION_EXISTS=pthread_create    CMakeFiles/cmTryCompileExec3455707070.dir/CheckFunctionExists.c.o  -o cmTryCompileExec3455707070 -rdynamic -lpthread 
gmake[1]: Leaving directory `/home/earrolig/cpe476/slumber/lab1/Cmake/CMakeFiles/CMakeTmp'


Determining if the function glXGetProcAddress exists passed with the following output:
Change Dir: /home/earrolig/cpe476/slumber/lab1/Cmake/CMakeFiles/CMakeTmp

Run Build Command:/usr/bin/gmake "cmTryCompileExec1794765093/fast"
/usr/bin/gmake -f CMakeFiles/cmTryCompileExec1794765093.dir/build.make CMakeFiles/cmTryCompileExec1794765093.dir/build
gmake[1]: Entering directory `/home/earrolig/cpe476/slumber/lab1/Cmake/CMakeFiles/CMakeTmp'
/usr/bin/cmake -E cmake_progress_report /home/earrolig/cpe476/slumber/lab1/Cmake/CMakeFiles/CMakeTmp/CMakeFiles 1
Building C object CMakeFiles/cmTryCompileExec1794765093.dir/CheckFunctionExists.c.o
/usr/bin/cc   -DCHECK_FUNCTION_EXISTS=glXGetProcAddress   -o CMakeFiles/cmTryCompileExec1794765093.dir/CheckFunctionExists.c.o   -c /usr/share/cmake/Modules/CheckFunctionExists.c
Linking C executable cmTryCompileExec1794765093
/usr/bin/cmake -E cmake_link_script CMakeFiles/cmTryCompileExec1794765093.dir/link.txt --verbose=1
/usr/bin/cc   -DCHECK_FUNCTION_EXISTS=glXGetProcAddress    CMakeFiles/cmTryCompileExec1794765093.dir/CheckFunctionExists.c.o  -o cmTryCompileExec1794765093 -rdynamic -lGL 
gmake[1]: Leaving directory `/home/earrolig/cpe476/slumber/lab1/Cmake/CMakeFiles/CMakeTmp'


Determining if the function glXGetProcAddressARB exists passed with the following output:
Change Dir: /home/earrolig/cpe476/slumber/lab1/Cmake/CMakeFiles/CMakeTmp

Run Build Command:/usr/bin/gmake "cmTryCompileExec2267230953/fast"
/usr/bin/gmake -f CMakeFiles/cmTryCompileExec2267230953.dir/build.make CMakeFiles/cmTryCompileExec2267230953.dir/build
gmake[1]: Entering directory `/home/earrolig/cpe476/slumber/lab1/Cmake/CMakeFiles/CMakeTmp'
/usr/bin/cmake -E cmake_progress_report /home/earrolig/cpe476/slumber/lab1/Cmake/CMakeFiles/CMakeTmp/CMakeFiles 1
Building C object CMakeFiles/cmTryCompileExec2267230953.dir/CheckFunctionExists.c.o
/usr/bin/cc   -DCHECK_FUNCTION_EXISTS=glXGetProcAddressARB   -o CMakeFiles/cmTryCompileExec2267230953.dir/CheckFunctionExists.c.o   -c /usr/share/cmake/Modules/CheckFunctionExists.c
Linking C executable cmTryCompileExec2267230953
/usr/bin/cmake -E cmake_link_script CMakeFiles/cmTryCompileExec2267230953.dir/link.txt --verbose=1
/usr/bin/cc   -DCHECK_FUNCTION_EXISTS=glXGetProcAddressARB    CMakeFiles/cmTryCompileExec2267230953.dir/CheckFunctionExists.c.o  -o cmTryCompileExec2267230953 -rdynamic -lGL 
gmake[1]: Leaving directory `/home/earrolig/cpe476/slumber/lab1/Cmake/CMakeFiles/CMakeTmp'


Determining if the function XOpenDisplay exists in the /usr/lib64/libX11.so;/usr/lib64/libXext.so passed with the following output:
Change Dir: //home/efiske/slumber/lab1/Cmake/CMakeFiles/CMakeTmp

Run Build Command:/usr/bin/gmake "cmTryCompileExec1991319291/fast"
/usr/bin/gmake -f CMakeFiles/cmTryCompileExec1991319291.dir/build.make CMakeFiles/cmTryCompileExec1991319291.dir/build
gmake[1]: Entering directory `/home/efiske/slumber/lab1/Cmake/CMakeFiles/CMakeTmp'
/usr/bin/cmake -E cmake_progress_report //home/efiske/slumber/lab1/Cmake/CMakeFiles/CMakeTmp/CMakeFiles 1
Building C object CMakeFiles/cmTryCompileExec1991319291.dir/CheckFunctionExists.c.o
/usr/bin/cc   -DCHECK_FUNCTION_EXISTS=XOpenDisplay   -o CMakeFiles/cmTryCompileExec1991319291.dir/CheckFunctionExists.c.o   -c /usr/share/cmake/Modules/CheckFunctionExists.c
Linking C executable cmTryCompileExec1991319291
/usr/bin/cmake -E cmake_link_script CMakeFiles/cmTryCompileExec1991319291.dir/link.txt --verbose=1
/usr/bin/cc   -DCHECK_FUNCTION_EXISTS=XOpenDisplay    CMakeFiles/cmTryCompileExec1991319291.dir/CheckFunctionExists.c.o  -o cmTryCompileExec1991319291 -rdynamic -lX11 -lXext 
gmake[1]: Leaving directory `/home/efiske/slumber/lab1/Cmake/CMakeFiles/CMakeTmp'


Determining if the function gethostbyname exists passed with the following output:
Change Dir: //home/efiske/slumber/lab1/Cmake/CMakeFiles/CMakeTmp

Run Build Command:/usr/bin/gmake "cmTryCompileExec3955323222/fast"
/usr/bin/gmake -f CMakeFiles/cmTryCompileExec3955323222.dir/build.make CMakeFiles/cmTryCompileExec3955323222.dir/build
gmake[1]: Entering directory `/home/efiske/slumber/lab1/Cmake/CMakeFiles/CMakeTmp'
/usr/bin/cmake -E cmake_progress_report //home/efiske/slumber/lab1/Cmake/CMakeFiles/CMakeTmp/CMakeFiles 1
Building C object CMakeFiles/cmTryCompileExec3955323222.dir/CheckFunctionExists.c.o
/usr/bin/cc   -DCHECK_FUNCTION_EXISTS=gethostbyname   -o CMakeFiles/cmTryCompileExec3955323222.dir/CheckFunctionExists.c.o   -c /usr/share/cmake/Modules/CheckFunctionExists.c
Linking C executable cmTryCompileExec3955323222
/usr/bin/cmake -E cmake_link_script CMakeFiles/cmTryCompileExec3955323222.dir/link.txt --verbose=1
/usr/bin/cc   -DCHECK_FUNCTION_EXISTS=gethostbyname    CMakeFiles/cmTryCompileExec3955323222.dir/CheckFunctionExists.c.o  -o cmTryCompileExec3955323222 -rdynamic 
gmake[1]: Leaving directory `/home/efiske/slumber/lab1/Cmake/CMakeFiles/CMakeTmp'


Determining if the function connect exists passed with the following output:
Change Dir: //home/efiske/slumber/lab1/Cmake/CMakeFiles/CMakeTmp

Run Build Command:/usr/bin/gmake "cmTryCompileExec3940305025/fast"
/usr/bin/gmake -f CMakeFiles/cmTryCompileExec3940305025.dir/build.make CMakeFiles/cmTryCompileExec3940305025.dir/build
gmake[1]: Entering directory `/home/efiske/slumber/lab1/Cmake/CMakeFiles/CMakeTmp'
/usr/bin/cmake -E cmake_progress_report //home/efiske/slumber/lab1/Cmake/CMakeFiles/CMakeTmp/CMakeFiles 1
Building C object CMakeFiles/cmTryCompileExec3940305025.dir/CheckFunctionExists.c.o
/usr/bin/cc   -DCHECK_FUNCTION_EXISTS=connect   -o CMakeFiles/cmTryCompileExec3940305025.dir/CheckFunctionExists.c.o   -c /usr/share/cmake/Modules/CheckFunctionExists.c
Linking C executable cmTryCompileExec3940305025
/usr/bin/cmake -E cmake_link_script CMakeFiles/cmTryCompileExec3940305025.dir/link.txt --verbose=1
/usr/bin/cc   -DCHECK_FUNCTION_EXISTS=connect    CMakeFiles/cmTryCompileExec3940305025.dir/CheckFunctionExists.c.o  -o cmTryCompileExec3940305025 -rdynamic 
gmake[1]: Leaving directory `/home/efiske/slumber/lab1/Cmake/CMakeFiles/CMakeTmp'


Determining if the function remove exists passed with the following output:
Change Dir: //home/efiske/slumber/lab1/Cmake/CMakeFiles/CMakeTmp

Run Build Command:/usr/bin/gmake "cmTryCompileExec3354522290/fast"
/usr/bin/gmake -f CMakeFiles/cmTryCompileExec3354522290.dir/build.make CMakeFiles/cmTryCompileExec3354522290.dir/build
gmake[1]: Entering directory `/home/efiske/slumber/lab1/Cmake/CMakeFiles/CMakeTmp'
/usr/bin/cmake -E cmake_progress_report //home/efiske/slumber/lab1/Cmake/CMakeFiles/CMakeTmp/CMakeFiles 1
Building C object CMakeFiles/cmTryCompileExec3354522290.dir/CheckFunctionExists.c.o
/usr/bin/cc   -DCHECK_FUNCTION_EXISTS=remove   -o CMakeFiles/cmTryCompileExec3354522290.dir/CheckFunctionExists.c.o   -c /usr/share/cmake/Modules/CheckFunctionExists.c
Linking C executable cmTryCompileExec3354522290
/usr/bin/cmake -E cmake_link_script CMakeFiles/cmTryCompileExec3354522290.dir/link.txt --verbose=1
/usr/bin/cc   -DCHECK_FUNCTION_EXISTS=remove    CMakeFiles/cmTryCompileExec3354522290.dir/CheckFunctionExists.c.o  -o cmTryCompileExec3354522290 -rdynamic 
gmake[1]: Leaving directory `/home/efiske/slumber/lab1/Cmake/CMakeFiles/CMakeTmp'


Determining if the function shmat exists passed with the following output:
Change Dir: //home/efiske/slumber/lab1/Cmake/CMakeFiles/CMakeTmp

Run Build Command:/usr/bin/gmake "cmTryCompileExec2116515392/fast"
/usr/bin/gmake -f CMakeFiles/cmTryCompileExec2116515392.dir/build.make CMakeFiles/cmTryCompileExec2116515392.dir/build
gmake[1]: Entering directory `/home/efiske/slumber/lab1/Cmake/CMakeFiles/CMakeTmp'
/usr/bin/cmake -E cmake_progress_report //home/efiske/slumber/lab1/Cmake/CMakeFiles/CMakeTmp/CMakeFiles 1
Building C object CMakeFiles/cmTryCompileExec2116515392.dir/CheckFunctionExists.c.o
/usr/bin/cc   -DCHECK_FUNCTION_EXISTS=shmat   -o CMakeFiles/cmTryCompileExec2116515392.dir/CheckFunctionExists.c.o   -c /usr/share/cmake/Modules/CheckFunctionExists.c
Linking C executable cmTryCompileExec2116515392
/usr/bin/cmake -E cmake_link_script CMakeFiles/cmTryCompileExec2116515392.dir/link.txt --verbose=1
/usr/bin/cc   -DCHECK_FUNCTION_EXISTS=shmat    CMakeFiles/cmTryCompileExec2116515392.dir/CheckFunctionExists.c.o  -o cmTryCompileExec2116515392 -rdynamic 
gmake[1]: Leaving directory `/home/efiske/slumber/lab1/Cmake/CMakeFiles/CMakeTmp'


Determining if the function IceConnectionNumber exists in the ICE passed with the following output:
Change Dir: //home/efiske/slumber/lab1/Cmake/CMakeFiles/CMakeTmp

Run Build Command:/usr/bin/gmake "cmTryCompileExec3255721036/fast"
/usr/bin/gmake -f CMakeFiles/cmTryCompileExec3255721036.dir/build.make CMakeFiles/cmTryCompileExec3255721036.dir/build
gmake[1]: Entering directory `/home/efiske/slumber/lab1/Cmake/CMakeFiles/CMakeTmp'
/usr/bin/cmake -E cmake_progress_report //home/efiske/slumber/lab1/Cmake/CMakeFiles/CMakeTmp/CMakeFiles 1
Building C object CMakeFiles/cmTryCompileExec3255721036.dir/CheckFunctionExists.c.o
/usr/bin/cc   -DCHECK_FUNCTION_EXISTS=IceConnectionNumber   -o CMakeFiles/cmTryCompileExec3255721036.dir/CheckFunctionExists.c.o   -c /usr/share/cmake/Modules/CheckFunctionExists.c
Linking C executable cmTryCompileExec3255721036
/usr/bin/cmake -E cmake_link_script CMakeFiles/cmTryCompileExec3255721036.dir/link.txt --verbose=1
/usr/bin/cc   -DCHECK_FUNCTION_EXISTS=IceConnectionNumber    CMakeFiles/cmTryCompileExec3255721036.dir/CheckFunctionExists.c.o  -o cmTryCompileExec3255721036 -rdynamic -lICE 
gmake[1]: Leaving directory `/home/efiske/slumber/lab1/Cmake/CMakeFiles/CMakeTmp'


Determining if files pthread.h exist passed with the following output:
Change Dir: //home/efiske/slumber/lab1/Cmake/CMakeFiles/CMakeTmp

Run Build Command:/usr/bin/gmake "cmTryCompileExec1432071751/fast"
/usr/bin/gmake -f CMakeFiles/cmTryCompileExec1432071751.dir/build.make CMakeFiles/cmTryCompileExec1432071751.dir/build
gmake[1]: Entering directory `/home/efiske/slumber/lab1/Cmake/CMakeFiles/CMakeTmp'
/usr/bin/cmake -E cmake_progress_report //home/efiske/slumber/lab1/Cmake/CMakeFiles/CMakeTmp/CMakeFiles 1
Building C object CMakeFiles/cmTryCompileExec1432071751.dir/CheckIncludeFiles.c.o
/usr/bin/cc    -o CMakeFiles/cmTryCompileExec1432071751.dir/CheckIncludeFiles.c.o   -c //home/efiske/slumber/lab1/Cmake/CMakeFiles/CMakeTmp/CheckIncludeFiles.c
Linking C executable cmTryCompileExec1432071751
/usr/bin/cmake -E cmake_link_script CMakeFiles/cmTryCompileExec1432071751.dir/link.txt --verbose=1
/usr/bin/cc       CMakeFiles/cmTryCompileExec1432071751.dir/CheckIncludeFiles.c.o  -o cmTryCompileExec1432071751 -rdynamic 
gmake[1]: Leaving directory `/home/efiske/slumber/lab1/Cmake/CMakeFiles/CMakeTmp'


Determining if the function pthread_create exists in the pthread passed with the following output:
Change Dir: //home/efiske/slumber/lab1/Cmake/CMakeFiles/CMakeTmp

Run Build Command:/usr/bin/gmake "cmTryCompileExec3932000947/fast"
/usr/bin/gmake -f CMakeFiles/cmTryCompileExec3932000947.dir/build.make CMakeFiles/cmTryCompileExec3932000947.dir/build
gmake[1]: Entering directory `/home/efiske/slumber/lab1/Cmake/CMakeFiles/CMakeTmp'
/usr/bin/cmake -E cmake_progress_report //home/efiske/slumber/lab1/Cmake/CMakeFiles/CMakeTmp/CMakeFiles 1
Building C object CMakeFiles/cmTryCompileExec3932000947.dir/CheckFunctionExists.c.o
/usr/bin/cc   -DCHECK_FUNCTION_EXISTS=pthread_create   -o CMakeFiles/cmTryCompileExec3932000947.dir/CheckFunctionExists.c.o   -c /usr/share/cmake/Modules/CheckFunctionExists.c
Linking C executable cmTryCompileExec3932000947
/usr/bin/cmake -E cmake_link_script CMakeFiles/cmTryCompileExec3932000947.dir/link.txt --verbose=1
/usr/bin/cc   -DCHECK_FUNCTION_EXISTS=pthread_create    CMakeFiles/cmTryCompileExec3932000947.dir/CheckFunctionExists.c.o  -o cmTryCompileExec3932000947 -rdynamic -lpthread 
gmake[1]: Leaving directory `/home/efiske/slumber/lab1/Cmake/CMakeFiles/CMakeTmp'


Determining if the function glXGetProcAddress exists passed with the following output:
Change Dir: //home/efiske/slumber/lab1/Cmake/CMakeFiles/CMakeTmp

Run Build Command:/usr/bin/gmake "cmTryCompileExec3836748096/fast"
/usr/bin/gmake -f CMakeFiles/cmTryCompileExec3836748096.dir/build.make CMakeFiles/cmTryCompileExec3836748096.dir/build
gmake[1]: Entering directory `/home/efiske/slumber/lab1/Cmake/CMakeFiles/CMakeTmp'
/usr/bin/cmake -E cmake_progress_report //home/efiske/slumber/lab1/Cmake/CMakeFiles/CMakeTmp/CMakeFiles 1
Building C object CMakeFiles/cmTryCompileExec3836748096.dir/CheckFunctionExists.c.o
/usr/bin/cc   -DCHECK_FUNCTION_EXISTS=glXGetProcAddress   -o CMakeFiles/cmTryCompileExec3836748096.dir/CheckFunctionExists.c.o   -c /usr/share/cmake/Modules/CheckFunctionExists.c
Linking C executable cmTryCompileExec3836748096
/usr/bin/cmake -E cmake_link_script CMakeFiles/cmTryCompileExec3836748096.dir/link.txt --verbose=1
/usr/bin/cc   -DCHECK_FUNCTION_EXISTS=glXGetProcAddress    CMakeFiles/cmTryCompileExec3836748096.dir/CheckFunctionExists.c.o  -o cmTryCompileExec3836748096 -rdynamic -lGL 
gmake[1]: Leaving directory `/home/efiske/slumber/lab1/Cmake/CMakeFiles/CMakeTmp'


Determining if the function glXGetProcAddressARB exists passed with the following output:
Change Dir: //home/efiske/slumber/lab1/Cmake/CMakeFiles/CMakeTmp

Run Build Command:/usr/bin/gmake "cmTryCompileExec415767013/fast"
/usr/bin/gmake -f CMakeFiles/cmTryCompileExec415767013.dir/build.make CMakeFiles/cmTryCompileExec415767013.dir/build
gmake[1]: Entering directory `/home/efiske/slumber/lab1/Cmake/CMakeFiles/CMakeTmp'
/usr/bin/cmake -E cmake_progress_report //home/efiske/slumber/lab1/Cmake/CMakeFiles/CMakeTmp/CMakeFiles 1
Building C object CMakeFiles/cmTryCompileExec415767013.dir/CheckFunctionExists.c.o
/usr/bin/cc   -DCHECK_FUNCTION_EXISTS=glXGetProcAddressARB   -o CMakeFiles/cmTryCompileExec415767013.dir/CheckFunctionExists.c.o   -c /usr/share/cmake/Modules/CheckFunctionExists.c
Linking C executable cmTryCompileExec415767013
/usr/bin/cmake -E cmake_link_script CMakeFiles/cmTryCompileExec415767013.dir/link.txt --verbose=1
/usr/bin/cc   -DCHECK_FUNCTION_EXISTS=glXGetProcAddressARB    CMakeFiles/cmTryCompileExec415767013.dir/CheckFunctionExists.c.o  -o cmTryCompileExec415767013 -rdynamic -lGL 
gmake[1]: Leaving directory `/home/efiske/slumber/lab1/Cmake/CMakeFiles/CMakeTmp'


Determining if the function XOpenDisplay exists in the /usr/lib64/libX11.so;/usr/lib64/libXext.so passed with the following output:
Change Dir: /home/earrolig/cpe476/slumber/lab1/Cmake/CMakeFiles/CMakeTmp

Run Build Command:/usr/bin/gmake "cmTryCompileExec537221505/fast"
/usr/bin/gmake -f CMakeFiles/cmTryCompileExec537221505.dir/build.make CMakeFiles/cmTryCompileExec537221505.dir/build
gmake[1]: Entering directory `/home/earrolig/cpe476/slumber/lab1/Cmake/CMakeFiles/CMakeTmp'
/usr/bin/cmake -E cmake_progress_report /home/earrolig/cpe476/slumber/lab1/Cmake/CMakeFiles/CMakeTmp/CMakeFiles 1
Building C object CMakeFiles/cmTryCompileExec537221505.dir/CheckFunctionExists.c.o
/usr/bin/cc   -DCHECK_FUNCTION_EXISTS=XOpenDisplay   -o CMakeFiles/cmTryCompileExec537221505.dir/CheckFunctionExists.c.o   -c /usr/share/cmake/Modules/CheckFunctionExists.c
Linking C executable cmTryCompileExec537221505
/usr/bin/cmake -E cmake_link_script CMakeFiles/cmTryCompileExec537221505.dir/link.txt --verbose=1
/usr/bin/cc   -DCHECK_FUNCTION_EXISTS=XOpenDisplay    CMakeFiles/cmTryCompileExec537221505.dir/CheckFunctionExists.c.o  -o cmTryCompileExec537221505 -rdynamic -lX11 -lXext 
gmake[1]: Leaving directory `/home/earrolig/cpe476/slumber/lab1/Cmake/CMakeFiles/CMakeTmp'


Determining if the function gethostbyname exists passed with the following output:
Change Dir: /home/earrolig/cpe476/slumber/lab1/Cmake/CMakeFiles/CMakeTmp

Run Build Command:/usr/bin/gmake "cmTryCompileExec2383649673/fast"
/usr/bin/gmake -f CMakeFiles/cmTryCompileExec2383649673.dir/build.make CMakeFiles/cmTryCompileExec2383649673.dir/build
gmake[1]: Entering directory `/home/earrolig/cpe476/slumber/lab1/Cmake/CMakeFiles/CMakeTmp'
/usr/bin/cmake -E cmake_progress_report /home/earrolig/cpe476/slumber/lab1/Cmake/CMakeFiles/CMakeTmp/CMakeFiles 1
Building C object CMakeFiles/cmTryCompileExec2383649673.dir/CheckFunctionExists.c.o
/usr/bin/cc   -DCHECK_FUNCTION_EXISTS=gethostbyname   -o CMakeFiles/cmTryCompileExec2383649673.dir/CheckFunctionExists.c.o   -c /usr/share/cmake/Modules/CheckFunctionExists.c
Linking C executable cmTryCompileExec2383649673
/usr/bin/cmake -E cmake_link_script CMakeFiles/cmTryCompileExec2383649673.dir/link.txt --verbose=1
/usr/bin/cc   -DCHECK_FUNCTION_EXISTS=gethostbyname    CMakeFiles/cmTryCompileExec2383649673.dir/CheckFunctionExists.c.o  -o cmTryCompileExec2383649673 -rdynamic 
gmake[1]: Leaving directory `/home/earrolig/cpe476/slumber/lab1/Cmake/CMakeFiles/CMakeTmp'


Determining if the function connect exists passed with the following output:
Change Dir: /home/earrolig/cpe476/slumber/lab1/Cmake/CMakeFiles/CMakeTmp

Run Build Command:/usr/bin/gmake "cmTryCompileExec70088431/fast"
/usr/bin/gmake -f CMakeFiles/cmTryCompileExec70088431.dir/build.make CMakeFiles/cmTryCompileExec70088431.dir/build
gmake[1]: Entering directory `/home/earrolig/cpe476/slumber/lab1/Cmake/CMakeFiles/CMakeTmp'
/usr/bin/cmake -E cmake_progress_report /home/earrolig/cpe476/slumber/lab1/Cmake/CMakeFiles/CMakeTmp/CMakeFiles 1
Building C object CMakeFiles/cmTryCompileExec70088431.dir/CheckFunctionExists.c.o
/usr/bin/cc   -DCHECK_FUNCTION_EXISTS=connect   -o CMakeFiles/cmTryCompileExec70088431.dir/CheckFunctionExists.c.o   -c /usr/share/cmake/Modules/CheckFunctionExists.c
Linking C executable cmTryCompileExec70088431
/usr/bin/cmake -E cmake_link_script CMakeFiles/cmTryCompileExec70088431.dir/link.txt --verbose=1
/usr/bin/cc   -DCHECK_FUNCTION_EXISTS=connect    CMakeFiles/cmTryCompileExec70088431.dir/CheckFunctionExists.c.o  -o cmTryCompileExec70088431 -rdynamic 
gmake[1]: Leaving directory `/home/earrolig/cpe476/slumber/lab1/Cmake/CMakeFiles/CMakeTmp'


Determining if the function remove exists passed with the following output:
Change Dir: /home/earrolig/cpe476/slumber/lab1/Cmake/CMakeFiles/CMakeTmp

Run Build Command:/usr/bin/gmake "cmTryCompileExec2210591705/fast"
/usr/bin/gmake -f CMakeFiles/cmTryCompileExec2210591705.dir/build.make CMakeFiles/cmTryCompileExec2210591705.dir/build
gmake[1]: Entering directory `/home/earrolig/cpe476/slumber/lab1/Cmake/CMakeFiles/CMakeTmp'
/usr/bin/cmake -E cmake_progress_report /home/earrolig/cpe476/slumber/lab1/Cmake/CMakeFiles/CMakeTmp/CMakeFiles 1
Building C object CMakeFiles/cmTryCompileExec2210591705.dir/CheckFunctionExists.c.o
/usr/bin/cc   -DCHECK_FUNCTION_EXISTS=remove   -o CMakeFiles/cmTryCompileExec2210591705.dir/CheckFunctionExists.c.o   -c /usr/share/cmake/Modules/CheckFunctionExists.c
Linking C executable cmTryCompileExec2210591705
/usr/bin/cmake -E cmake_link_script CMakeFiles/cmTryCompileExec2210591705.dir/link.txt --verbose=1
/usr/bin/cc   -DCHECK_FUNCTION_EXISTS=remove    CMakeFiles/cmTryCompileExec2210591705.dir/CheckFunctionExists.c.o  -o cmTryCompileExec2210591705 -rdynamic 
gmake[1]: Leaving directory `/home/earrolig/cpe476/slumber/lab1/Cmake/CMakeFiles/CMakeTmp'


Determining if the function shmat exists passed with the following output:
Change Dir: /home/earrolig/cpe476/slumber/lab1/Cmake/CMakeFiles/CMakeTmp

Run Build Command:/usr/bin/gmake "cmTryCompileExec26436061/fast"
/usr/bin/gmake -f CMakeFiles/cmTryCompileExec26436061.dir/build.make CMakeFiles/cmTryCompileExec26436061.dir/build
gmake[1]: Entering directory `/home/earrolig/cpe476/slumber/lab1/Cmake/CMakeFiles/CMakeTmp'
/usr/bin/cmake -E cmake_progress_report /home/earrolig/cpe476/slumber/lab1/Cmake/CMakeFiles/CMakeTmp/CMakeFiles 1
Building C object CMakeFiles/cmTryCompileExec26436061.dir/CheckFunctionExists.c.o
/usr/bin/cc   -DCHECK_FUNCTION_EXISTS=shmat   -o CMakeFiles/cmTryCompileExec26436061.dir/CheckFunctionExists.c.o   -c /usr/share/cmake/Modules/CheckFunctionExists.c
Linking C executable cmTryCompileExec26436061
/usr/bin/cmake -E cmake_link_script CMakeFiles/cmTryCompileExec26436061.dir/link.txt --verbose=1
/usr/bin/cc   -DCHECK_FUNCTION_EXISTS=shmat    CMakeFiles/cmTryCompileExec26436061.dir/CheckFunctionExists.c.o  -o cmTryCompileExec26436061 -rdynamic 
gmake[1]: Leaving directory `/home/earrolig/cpe476/slumber/lab1/Cmake/CMakeFiles/CMakeTmp'


Determining if the function IceConnectionNumber exists in the ICE passed with the following output:
Change Dir: /home/earrolig/cpe476/slumber/lab1/Cmake/CMakeFiles/CMakeTmp

Run Build Command:/usr/bin/gmake "cmTryCompileExec1100110322/fast"
/usr/bin/gmake -f CMakeFiles/cmTryCompileExec1100110322.dir/build.make CMakeFiles/cmTryCompileExec1100110322.dir/build
gmake[1]: Entering directory `/home/earrolig/cpe476/slumber/lab1/Cmake/CMakeFiles/CMakeTmp'
/usr/bin/cmake -E cmake_progress_report /home/earrolig/cpe476/slumber/lab1/Cmake/CMakeFiles/CMakeTmp/CMakeFiles 1
Building C object CMakeFiles/cmTryCompileExec1100110322.dir/CheckFunctionExists.c.o
/usr/bin/cc   -DCHECK_FUNCTION_EXISTS=IceConnectionNumber   -o CMakeFiles/cmTryCompileExec1100110322.dir/CheckFunctionExists.c.o   -c /usr/share/cmake/Modules/CheckFunctionExists.c
Linking C executable cmTryCompileExec1100110322
/usr/bin/cmake -E cmake_link_script CMakeFiles/cmTryCompileExec1100110322.dir/link.txt --verbose=1
/usr/bin/cc   -DCHECK_FUNCTION_EXISTS=IceConnectionNumber    CMakeFiles/cmTryCompileExec1100110322.dir/CheckFunctionExists.c.o  -o cmTryCompileExec1100110322 -rdynamic -lICE 
gmake[1]: Leaving directory `/home/earrolig/cpe476/slumber/lab1/Cmake/CMakeFiles/CMakeTmp'


Determining if files pthread.h exist passed with the following output:
Change Dir: /home/earrolig/cpe476/slumber/lab1/Cmake/CMakeFiles/CMakeTmp

Run Build Command:/usr/bin/gmake "cmTryCompileExec3929662580/fast"
/usr/bin/gmake -f CMakeFiles/cmTryCompileExec3929662580.dir/build.make CMakeFiles/cmTryCompileExec3929662580.dir/build
gmake[1]: Entering directory `/home/earrolig/cpe476/slumber/lab1/Cmake/CMakeFiles/CMakeTmp'
/usr/bin/cmake -E cmake_progress_report /home/earrolig/cpe476/slumber/lab1/Cmake/CMakeFiles/CMakeTmp/CMakeFiles 1
Building C object CMakeFiles/cmTryCompileExec3929662580.dir/CheckIncludeFiles.c.o
/usr/bin/cc    -o CMakeFiles/cmTryCompileExec3929662580.dir/CheckIncludeFiles.c.o   -c /home/earrolig/cpe476/slumber/lab1/Cmake/CMakeFiles/CMakeTmp/CheckIncludeFiles.c
Linking C executable cmTryCompileExec3929662580
/usr/bin/cmake -E cmake_link_script CMakeFiles/cmTryCompileExec3929662580.dir/link.txt --verbose=1
/usr/bin/cc       CMakeFiles/cmTryCompileExec3929662580.dir/CheckIncludeFiles.c.o  -o cmTryCompileExec3929662580 -rdynamic 
gmake[1]: Leaving directory `/home/earrolig/cpe476/slumber/lab1/Cmake/CMakeFiles/CMakeTmp'


Determining if the function pthread_create exists in the pthread passed with the following output:
Change Dir: /home/earrolig/cpe476/slumber/lab1/Cmake/CMakeFiles/CMakeTmp

Run Build Command:/usr/bin/gmake "cmTryCompileExec3117137052/fast"
/usr/bin/gmake -f CMakeFiles/cmTryCompileExec3117137052.dir/build.make CMakeFiles/cmTryCompileExec3117137052.dir/build
gmake[1]: Entering directory `/home/earrolig/cpe476/slumber/lab1/Cmake/CMakeFiles/CMakeTmp'
/usr/bin/cmake -E cmake_progress_report /home/earrolig/cpe476/slumber/lab1/Cmake/CMakeFiles/CMakeTmp/CMakeFiles 1
Building C object CMakeFiles/cmTryCompileExec3117137052.dir/CheckFunctionExists.c.o
/usr/bin/cc   -DCHECK_FUNCTION_EXISTS=pthread_create   -o CMakeFiles/cmTryCompileExec3117137052.dir/CheckFunctionExists.c.o   -c /usr/share/cmake/Modules/CheckFunctionExists.c
Linking C executable cmTryCompileExec3117137052
/usr/bin/cmake -E cmake_link_script CMakeFiles/cmTryCompileExec3117137052.dir/link.txt --verbose=1
/usr/bin/cc   -DCHECK_FUNCTION_EXISTS=pthread_create    CMakeFiles/cmTryCompileExec3117137052.dir/CheckFunctionExists.c.o  -o cmTryCompileExec3117137052 -rdynamic -lpthread 
gmake[1]: Leaving directory `/home/earrolig/cpe476/slumber/lab1/Cmake/CMakeFiles/CMakeTmp'


Determining if the function glXGetProcAddress exists passed with the following output:
Change Dir: /home/earrolig/cpe476/slumber/lab1/Cmake/CMakeFiles/CMakeTmp

Run Build Command:/usr/bin/gmake "cmTryCompileExec4175340934/fast"
/usr/bin/gmake -f CMakeFiles/cmTryCompileExec4175340934.dir/build.make CMakeFiles/cmTryCompileExec4175340934.dir/build
gmake[1]: Entering directory `/home/earrolig/cpe476/slumber/lab1/Cmake/CMakeFiles/CMakeTmp'
/usr/bin/cmake -E cmake_progress_report /home/earrolig/cpe476/slumber/lab1/Cmake/CMakeFiles/CMakeTmp/CMakeFiles 1
Building C object CMakeFiles/cmTryCompileExec4175340934.dir/CheckFunctionExists.c.o
/usr/bin/cc   -DCHECK_FUNCTION_EXISTS=glXGetProcAddress   -o CMakeFiles/cmTryCompileExec4175340934.dir/CheckFunctionExists.c.o   -c /usr/share/cmake/Modules/CheckFunctionExists.c
Linking C executable cmTryCompileExec4175340934
/usr/bin/cmake -E cmake_link_script CMakeFiles/cmTryCompileExec4175340934.dir/link.txt --verbose=1
/usr/bin/cc   -DCHECK_FUNCTION_EXISTS=glXGetProcAddress    CMakeFiles/cmTryCompileExec4175340934.dir/CheckFunctionExists.c.o  -o cmTryCompileExec4175340934 -rdynamic -lGL 
gmake[1]: Leaving directory `/home/earrolig/cpe476/slumber/lab1/Cmake/CMakeFiles/CMakeTmp'


Determining if the function glXGetProcAddressARB exists passed with the following output:
Change Dir: /home/earrolig/cpe476/slumber/lab1/Cmake/CMakeFiles/CMakeTmp

Run Build Command:/usr/bin/gmake "cmTryCompileExec720982621/fast"
/usr/bin/gmake -f CMakeFiles/cmTryCompileExec720982621.dir/build.make CMakeFiles/cmTryCompileExec720982621.dir/build
gmake[1]: Entering directory `/home/earrolig/cpe476/slumber/lab1/Cmake/CMakeFiles/CMakeTmp'
/usr/bin/cmake -E cmake_progress_report /home/earrolig/cpe476/slumber/lab1/Cmake/CMakeFiles/CMakeTmp/CMakeFiles 1
Building C object CMakeFiles/cmTryCompileExec720982621.dir/CheckFunctionExists.c.o
/usr/bin/cc   -DCHECK_FUNCTION_EXISTS=glXGetProcAddressARB   -o CMakeFiles/cmTryCompileExec720982621.dir/CheckFunctionExists.c.o   -c /usr/share/cmake/Modules/CheckFunctionExists.c
Linking C executable cmTryCompileExec720982621
/usr/bin/cmake -E cmake_link_script CMakeFiles/cmTryCompileExec720982621.dir/link.txt --verbose=1
/usr/bin/cc   -DCHECK_FUNCTION_EXISTS=glXGetProcAddressARB    CMakeFiles/cmTryCompileExec720982621.dir/CheckFunctionExists.c.o  -o cmTryCompileExec720982621 -rdynamic -lGL 
gmake[1]: Leaving directory `/home/earrolig/cpe476/slumber/lab1/Cmake/CMakeFiles/CMakeTmp'


The system is: Darwin - 14.3.0 - x86_64
Compiling the C compiler identification source file "CMakeCCompilerId.c" succeeded.
Compiler: /usr/bin/cc 
Build flags: 
Id flags: 

The output was:
0


Compilation of the C compiler identification source "CMakeCCompilerId.c" produced "a.out"

The C compiler identification is AppleClang, found in "/Users/elliotfiske/slumber/lab1/mac-client/CMakeFiles/3.1.1/CompilerIdC/a.out"

Compiling the CXX compiler identification source file "CMakeCXXCompilerId.cpp" succeeded.
Compiler: /usr/bin/c++ 
Build flags: 
Id flags: 

The output was:
0


Compilation of the CXX compiler identification source "CMakeCXXCompilerId.cpp" produced "a.out"

The CXX compiler identification is AppleClang, found in "/Users/elliotfiske/slumber/lab1/mac-client/CMakeFiles/3.1.1/CompilerIdCXX/a.out"

Determining if the C compiler works passed with the following output:
Change Dir: /Users/elliotfiske/slumber/lab1/mac-client/CMakeFiles/CMakeTmp

Run Build Command:"/usr/bin/make" "cmTryCompileExec1658823843/fast"
/Applications/Xcode.app/Contents/Developer/usr/bin/make -f CMakeFiles/cmTryCompileExec1658823843.dir/build.make CMakeFiles/cmTryCompileExec1658823843.dir/build
/usr/local/Cellar/cmake/3.1.1/bin/cmake -E cmake_progress_report /Users/elliotfiske/slumber/lab1/mac-client/CMakeFiles/CMakeTmp/CMakeFiles 1
Building C object CMakeFiles/cmTryCompileExec1658823843.dir/testCCompiler.c.o
/usr/bin/cc    -o CMakeFiles/cmTryCompileExec1658823843.dir/testCCompiler.c.o   -c /Users/elliotfiske/slumber/lab1/mac-client/CMakeFiles/CMakeTmp/testCCompiler.c
Linking C executable cmTryCompileExec1658823843
/usr/local/Cellar/cmake/3.1.1/bin/cmake -E cmake_link_script CMakeFiles/cmTryCompileExec1658823843.dir/link.txt --verbose=1
/usr/bin/cc    -Wl,-search_paths_first -Wl,-headerpad_max_install_names  CMakeFiles/cmTryCompileExec1658823843.dir/testCCompiler.c.o  -o cmTryCompileExec1658823843  


Detecting C compiler ABI info compiled with the following output:
Change Dir: /Users/elliotfiske/slumber/lab1/mac-client/CMakeFiles/CMakeTmp

Run Build Command:"/usr/bin/make" "cmTryCompileExec743485912/fast"
/Applications/Xcode.app/Contents/Developer/usr/bin/make -f CMakeFiles/cmTryCompileExec743485912.dir/build.make CMakeFiles/cmTryCompileExec743485912.dir/build
/usr/local/Cellar/cmake/3.1.1/bin/cmake -E cmake_progress_report /Users/elliotfiske/slumber/lab1/mac-client/CMakeFiles/CMakeTmp/CMakeFiles 1
Building C object CMakeFiles/cmTryCompileExec743485912.dir/CMakeCCompilerABI.c.o
/usr/bin/cc    -o CMakeFiles/cmTryCompileExec743485912.dir/CMakeCCompilerABI.c.o   -c /usr/local/Cellar/cmake/3.1.1/share/cmake/Modules/CMakeCCompilerABI.c
Linking C executable cmTryCompileExec743485912
/usr/local/Cellar/cmake/3.1.1/bin/cmake -E cmake_link_script CMakeFiles/cmTryCompileExec743485912.dir/link.txt --verbose=1
/usr/bin/cc    -Wl,-search_paths_first -Wl,-headerpad_max_install_names -v -Wl,-v CMakeFiles/cmTryCompileExec743485912.dir/CMakeCCompilerABI.c.o  -o cmTryCompileExec743485912   
Apple LLVM version 6.1.0 (clang-602.0.49) (based on LLVM 3.6.0svn)
Target: x86_64-apple-darwin14.3.0
Thread model: posix
 "/Applications/Xcode.app/Contents/Developer/Toolchains/XcodeDefault.xctoolchain/usr/bin/ld" -demangle -dynamic -arch x86_64 -macosx_version_min 10.10.0 -o cmTryCompileExec743485912 -search_paths_first -headerpad_max_install_names -v CMakeFiles/cmTryCompileExec743485912.dir/CMakeCCompilerABI.c.o -lSystem /Applications/Xcode.app/Contents/Developer/Toolchains/XcodeDefault.xctoolchain/usr/bin/../lib/clang/6.1.0/lib/darwin/libclang_rt.osx.a
@(#)PROGRAM:ld  PROJECT:ld64-242
configured to support archs: armv6 armv7 armv7s arm64 i386 x86_64 x86_64h armv6m armv7m armv7em
Library search paths:
	/usr/lib
	/usr/local/lib
Framework search paths:
	/Library/Frameworks/
	/System/Library/Frameworks/


Parsed C implicit link information from above output:
  link line regex: [^( *|.*[/\])(ld|([^/\]+-)?ld|collect2)[^/\]*( |$)]
  ignore line: [Change Dir: /Users/elliotfiske/slumber/lab1/mac-client/CMakeFiles/CMakeTmp]
  ignore line: []
  ignore line: [Run Build Command:"/usr/bin/make" "cmTryCompileExec743485912/fast"]
  ignore line: [/Applications/Xcode.app/Contents/Developer/usr/bin/make -f CMakeFiles/cmTryCompileExec743485912.dir/build.make CMakeFiles/cmTryCompileExec743485912.dir/build]
  ignore line: [/usr/local/Cellar/cmake/3.1.1/bin/cmake -E cmake_progress_report /Users/elliotfiske/slumber/lab1/mac-client/CMakeFiles/CMakeTmp/CMakeFiles 1]
  ignore line: [Building C object CMakeFiles/cmTryCompileExec743485912.dir/CMakeCCompilerABI.c.o]
  ignore line: [/usr/bin/cc    -o CMakeFiles/cmTryCompileExec743485912.dir/CMakeCCompilerABI.c.o   -c /usr/local/Cellar/cmake/3.1.1/share/cmake/Modules/CMakeCCompilerABI.c]
  ignore line: [Linking C executable cmTryCompileExec743485912]
  ignore line: [/usr/local/Cellar/cmake/3.1.1/bin/cmake -E cmake_link_script CMakeFiles/cmTryCompileExec743485912.dir/link.txt --verbose=1]
  ignore line: [/usr/bin/cc    -Wl,-search_paths_first -Wl,-headerpad_max_install_names -v -Wl,-v CMakeFiles/cmTryCompileExec743485912.dir/CMakeCCompilerABI.c.o  -o cmTryCompileExec743485912   ]
  ignore line: [Apple LLVM version 6.1.0 (clang-602.0.49) (based on LLVM 3.6.0svn)]
  ignore line: [Target: x86_64-apple-darwin14.3.0]
  ignore line: [Thread model: posix]
  link line: [ "/Applications/Xcode.app/Contents/Developer/Toolchains/XcodeDefault.xctoolchain/usr/bin/ld" -demangle -dynamic -arch x86_64 -macosx_version_min 10.10.0 -o cmTryCompileExec743485912 -search_paths_first -headerpad_max_install_names -v CMakeFiles/cmTryCompileExec743485912.dir/CMakeCCompilerABI.c.o -lSystem /Applications/Xcode.app/Contents/Developer/Toolchains/XcodeDefault.xctoolchain/usr/bin/../lib/clang/6.1.0/lib/darwin/libclang_rt.osx.a]
    arg [/Applications/Xcode.app/Contents/Developer/Toolchains/XcodeDefault.xctoolchain/usr/bin/ld] ==> ignore
    arg [-demangle] ==> ignore
    arg [-dynamic] ==> ignore
    arg [-arch] ==> ignore
    arg [x86_64] ==> ignore
    arg [-macosx_version_min] ==> ignore
    arg [10.10.0] ==> ignore
    arg [-o] ==> ignore
    arg [cmTryCompileExec743485912] ==> ignore
    arg [-search_paths_first] ==> ignore
    arg [-headerpad_max_install_names] ==> ignore
    arg [-v] ==> ignore
    arg [CMakeFiles/cmTryCompileExec743485912.dir/CMakeCCompilerABI.c.o] ==> ignore
    arg [-lSystem] ==> lib [System]
    arg [/Applications/Xcode.app/Contents/Developer/Toolchains/XcodeDefault.xctoolchain/usr/bin/../lib/clang/6.1.0/lib/darwin/libclang_rt.osx.a] ==> lib [/Applications/Xcode.app/Contents/Developer/Toolchains/XcodeDefault.xctoolchain/usr/bin/../lib/clang/6.1.0/lib/darwin/libclang_rt.osx.a]
  Library search paths: [;/usr/lib;/usr/local/lib]
  Framework search paths: [;/Library/Frameworks/;/System/Library/Frameworks/]
  remove lib [System]
  collapse lib [/Applications/Xcode.app/Contents/Developer/Toolchains/XcodeDefault.xctoolchain/usr/bin/../lib/clang/6.1.0/lib/darwin/libclang_rt.osx.a] ==> [/Applications/Xcode.app/Contents/Developer/Toolchains/XcodeDefault.xctoolchain/usr/lib/clang/6.1.0/lib/darwin/libclang_rt.osx.a]
  collapse library dir [/usr/lib] ==> [/usr/lib]
  collapse library dir [/usr/local/lib] ==> [/usr/local/lib]
  collapse framework dir [/Library/Frameworks/] ==> [/Library/Frameworks]
  collapse framework dir [/System/Library/Frameworks/] ==> [/System/Library/Frameworks]
  implicit libs: [/Applications/Xcode.app/Contents/Developer/Toolchains/XcodeDefault.xctoolchain/usr/lib/clang/6.1.0/lib/darwin/libclang_rt.osx.a]
  implicit dirs: [/usr/lib;/usr/local/lib]
  implicit fwks: [/Library/Frameworks;/System/Library/Frameworks]


Determining if the CXX compiler works passed with the following output:
Change Dir: /Users/elliotfiske/slumber/lab1/mac-client/CMakeFiles/CMakeTmp

Run Build Command:"/usr/bin/make" "cmTryCompileExec1571253602/fast"
/Applications/Xcode.app/Contents/Developer/usr/bin/make -f CMakeFiles/cmTryCompileExec1571253602.dir/build.make CMakeFiles/cmTryCompileExec1571253602.dir/build
/usr/local/Cellar/cmake/3.1.1/bin/cmake -E cmake_progress_report /Users/elliotfiske/slumber/lab1/mac-client/CMakeFiles/CMakeTmp/CMakeFiles 1
Building CXX object CMakeFiles/cmTryCompileExec1571253602.dir/testCXXCompiler.cxx.o
/usr/bin/c++     -o CMakeFiles/cmTryCompileExec1571253602.dir/testCXXCompiler.cxx.o -c /Users/elliotfiske/slumber/lab1/mac-client/CMakeFiles/CMakeTmp/testCXXCompiler.cxx
Linking CXX executable cmTryCompileExec1571253602
/usr/local/Cellar/cmake/3.1.1/bin/cmake -E cmake_link_script CMakeFiles/cmTryCompileExec1571253602.dir/link.txt --verbose=1
/usr/bin/c++     -Wl,-search_paths_first -Wl,-headerpad_max_install_names  CMakeFiles/cmTryCompileExec1571253602.dir/testCXXCompiler.cxx.o  -o cmTryCompileExec1571253602  


Detecting CXX compiler ABI info compiled with the following output:
Change Dir: /Users/elliotfiske/slumber/lab1/mac-client/CMakeFiles/CMakeTmp

Run Build Command:"/usr/bin/make" "cmTryCompileExec4205143128/fast"
/Applications/Xcode.app/Contents/Developer/usr/bin/make -f CMakeFiles/cmTryCompileExec4205143128.dir/build.make CMakeFiles/cmTryCompileExec4205143128.dir/build
/usr/local/Cellar/cmake/3.1.1/bin/cmake -E cmake_progress_report /Users/elliotfiske/slumber/lab1/mac-client/CMakeFiles/CMakeTmp/CMakeFiles 1
Building CXX object CMakeFiles/cmTryCompileExec4205143128.dir/CMakeCXXCompilerABI.cpp.o
/usr/bin/c++     -o CMakeFiles/cmTryCompileExec4205143128.dir/CMakeCXXCompilerABI.cpp.o -c /usr/local/Cellar/cmake/3.1.1/share/cmake/Modules/CMakeCXXCompilerABI.cpp
Linking CXX executable cmTryCompileExec4205143128
/usr/local/Cellar/cmake/3.1.1/bin/cmake -E cmake_link_script CMakeFiles/cmTryCompileExec4205143128.dir/link.txt --verbose=1
/usr/bin/c++     -Wl,-search_paths_first -Wl,-headerpad_max_install_names -v -Wl,-v CMakeFiles/cmTryCompileExec4205143128.dir/CMakeCXXCompilerABI.cpp.o  -o cmTryCompileExec4205143128   
Apple LLVM version 6.1.0 (clang-602.0.49) (based on LLVM 3.6.0svn)
Target: x86_64-apple-darwin14.3.0
Thread model: posix
 "/Applications/Xcode.app/Contents/Developer/Toolchains/XcodeDefault.xctoolchain/usr/bin/ld" -demangle -dynamic -arch x86_64 -macosx_version_min 10.10.0 -o cmTryCompileExec4205143128 -search_paths_first -headerpad_max_install_names -v CMakeFiles/cmTryCompileExec4205143128.dir/CMakeCXXCompilerABI.cpp.o -lc++ -lSystem /Applications/Xcode.app/Contents/Developer/Toolchains/XcodeDefault.xctoolchain/usr/bin/../lib/clang/6.1.0/lib/darwin/libclang_rt.osx.a
@(#)PROGRAM:ld  PROJECT:ld64-242
configured to support archs: armv6 armv7 armv7s arm64 i386 x86_64 x86_64h armv6m armv7m armv7em
Library search paths:
	/usr/lib
	/usr/local/lib
Framework search paths:
	/Library/Frameworks/
	/System/Library/Frameworks/


Parsed CXX implicit link information from above output:
  link line regex: [^( *|.*[/\])(ld|([^/\]+-)?ld|collect2)[^/\]*( |$)]
  ignore line: [Change Dir: /Users/elliotfiske/slumber/lab1/mac-client/CMakeFiles/CMakeTmp]
  ignore line: []
  ignore line: [Run Build Command:"/usr/bin/make" "cmTryCompileExec4205143128/fast"]
  ignore line: [/Applications/Xcode.app/Contents/Developer/usr/bin/make -f CMakeFiles/cmTryCompileExec4205143128.dir/build.make CMakeFiles/cmTryCompileExec4205143128.dir/build]
  ignore line: [/usr/local/Cellar/cmake/3.1.1/bin/cmake -E cmake_progress_report /Users/elliotfiske/slumber/lab1/mac-client/CMakeFiles/CMakeTmp/CMakeFiles 1]
  ignore line: [Building CXX object CMakeFiles/cmTryCompileExec4205143128.dir/CMakeCXXCompilerABI.cpp.o]
  ignore line: [/usr/bin/c++     -o CMakeFiles/cmTryCompileExec4205143128.dir/CMakeCXXCompilerABI.cpp.o -c /usr/local/Cellar/cmake/3.1.1/share/cmake/Modules/CMakeCXXCompilerABI.cpp]
  ignore line: [Linking CXX executable cmTryCompileExec4205143128]
  ignore line: [/usr/local/Cellar/cmake/3.1.1/bin/cmake -E cmake_link_script CMakeFiles/cmTryCompileExec4205143128.dir/link.txt --verbose=1]
  ignore line: [/usr/bin/c++     -Wl,-search_paths_first -Wl,-headerpad_max_install_names -v -Wl,-v CMakeFiles/cmTryCompileExec4205143128.dir/CMakeCXXCompilerABI.cpp.o  -o cmTryCompileExec4205143128   ]
  ignore line: [Apple LLVM version 6.1.0 (clang-602.0.49) (based on LLVM 3.6.0svn)]
  ignore line: [Target: x86_64-apple-darwin14.3.0]
  ignore line: [Thread model: posix]
  link line: [ "/Applications/Xcode.app/Contents/Developer/Toolchains/XcodeDefault.xctoolchain/usr/bin/ld" -demangle -dynamic -arch x86_64 -macosx_version_min 10.10.0 -o cmTryCompileExec4205143128 -search_paths_first -headerpad_max_install_names -v CMakeFiles/cmTryCompileExec4205143128.dir/CMakeCXXCompilerABI.cpp.o -lc++ -lSystem /Applications/Xcode.app/Contents/Developer/Toolchains/XcodeDefault.xctoolchain/usr/bin/../lib/clang/6.1.0/lib/darwin/libclang_rt.osx.a]
    arg [/Applications/Xcode.app/Contents/Developer/Toolchains/XcodeDefault.xctoolchain/usr/bin/ld] ==> ignore
    arg [-demangle] ==> ignore
    arg [-dynamic] ==> ignore
    arg [-arch] ==> ignore
    arg [x86_64] ==> ignore
    arg [-macosx_version_min] ==> ignore
    arg [10.10.0] ==> ignore
    arg [-o] ==> ignore
    arg [cmTryCompileExec4205143128] ==> ignore
    arg [-search_paths_first] ==> ignore
    arg [-headerpad_max_install_names] ==> ignore
    arg [-v] ==> ignore
    arg [CMakeFiles/cmTryCompileExec4205143128.dir/CMakeCXXCompilerABI.cpp.o] ==> ignore
    arg [-lc++] ==> lib [c++]
    arg [-lSystem] ==> lib [System]
    arg [/Applications/Xcode.app/Contents/Developer/Toolchains/XcodeDefault.xctoolchain/usr/bin/../lib/clang/6.1.0/lib/darwin/libclang_rt.osx.a] ==> lib [/Applications/Xcode.app/Contents/Developer/Toolchains/XcodeDefault.xctoolchain/usr/bin/../lib/clang/6.1.0/lib/darwin/libclang_rt.osx.a]
  Library search paths: [;/usr/lib;/usr/local/lib]
  Framework search paths: [;/Library/Frameworks/;/System/Library/Frameworks/]
  remove lib [System]
  collapse lib [/Applications/Xcode.app/Contents/Developer/Toolchains/XcodeDefault.xctoolchain/usr/bin/../lib/clang/6.1.0/lib/darwin/libclang_rt.osx.a] ==> [/Applications/Xcode.app/Contents/Developer/Toolchains/XcodeDefault.xctoolchain/usr/lib/clang/6.1.0/lib/darwin/libclang_rt.osx.a]
  collapse library dir [/usr/lib] ==> [/usr/lib]
  collapse library dir [/usr/local/lib] ==> [/usr/local/lib]
  collapse framework dir [/Library/Frameworks/] ==> [/Library/Frameworks]
  collapse framework dir [/System/Library/Frameworks/] ==> [/System/Library/Frameworks]
  implicit libs: [c++;/Applications/Xcode.app/Contents/Developer/Toolchains/XcodeDefault.xctoolchain/usr/lib/clang/6.1.0/lib/darwin/libclang_rt.osx.a]
  implicit dirs: [/usr/lib;/usr/local/lib]
  implicit fwks: [/Library/Frameworks;/System/Library/Frameworks]


Determining if files pthread.h exist passed with the following output:
Change Dir: /Users/elliotfiske/slumber/lab1/mac-client/CMakeFiles/CMakeTmp

Run Build Command:"/usr/bin/make" "cmTryCompileExec40872881/fast"
/Applications/Xcode.app/Contents/Developer/usr/bin/make -f CMakeFiles/cmTryCompileExec40872881.dir/build.make CMakeFiles/cmTryCompileExec40872881.dir/build
/usr/local/Cellar/cmake/3.1.1/bin/cmake -E cmake_progress_report /Users/elliotfiske/slumber/lab1/mac-client/CMakeFiles/CMakeTmp/CMakeFiles 1
Building C object CMakeFiles/cmTryCompileExec40872881.dir/CheckIncludeFiles.c.o
/usr/bin/cc    -o CMakeFiles/cmTryCompileExec40872881.dir/CheckIncludeFiles.c.o   -c /Users/elliotfiske/slumber/lab1/mac-client/CMakeFiles/CMakeTmp/CheckIncludeFiles.c
Linking C executable cmTryCompileExec40872881
/usr/local/Cellar/cmake/3.1.1/bin/cmake -E cmake_link_script CMakeFiles/cmTryCompileExec40872881.dir/link.txt --verbose=1
/usr/bin/cc    -Wl,-search_paths_first -Wl,-headerpad_max_install_names  CMakeFiles/cmTryCompileExec40872881.dir/CheckIncludeFiles.c.o  -o cmTryCompileExec40872881  


Determining if the pthread_create exist passed with the following output:
Change Dir: /Users/elliotfiske/slumber/lab1/mac-client/CMakeFiles/CMakeTmp

Run Build Command:"/usr/bin/make" "cmTryCompileExec2953512681/fast"
/Applications/Xcode.app/Contents/Developer/usr/bin/make -f CMakeFiles/cmTryCompileExec2953512681.dir/build.make CMakeFiles/cmTryCompileExec2953512681.dir/build
/usr/local/Cellar/cmake/3.1.1/bin/cmake -E cmake_progress_report /Users/elliotfiske/slumber/lab1/mac-client/CMakeFiles/CMakeTmp/CMakeFiles 1
Building C object CMakeFiles/cmTryCompileExec2953512681.dir/CheckSymbolExists.c.o
/usr/bin/cc    -o CMakeFiles/cmTryCompileExec2953512681.dir/CheckSymbolExists.c.o   -c /Users/elliotfiske/slumber/lab1/mac-client/CMakeFiles/CMakeTmp/CheckSymbolExists.c
Linking C executable cmTryCompileExec2953512681
/usr/local/Cellar/cmake/3.1.1/bin/cmake -E cmake_link_script CMakeFiles/cmTryCompileExec2953512681.dir/link.txt --verbose=1
/usr/bin/cc    -Wl,-search_paths_first -Wl,-headerpad_max_install_names  CMakeFiles/cmTryCompileExec2953512681.dir/CheckSymbolExists.c.o  -o cmTryCompileExec2953512681  

File /Users/elliotfiske/slumber/lab1/mac-client/CMakeFiles/CMakeTmp/CheckSymbolExists.c:
/* */
#include <pthread.h>

int main(int argc, char** argv)
{
  (void)argv;
#ifndef pthread_create
  return ((int*)(&pthread_create))[argc];
#else
  (void)argc;
  return 0;
#endif
}

